"D:/Unreal Projects/RPG/Content/UI/Texture/T_UI_Skill_FireBall.uasset" 0
"D:/Unreal Projects/RPG/Content/Abilities/DataTables/AttackDamage.uasset" 1
"D:/Unreal Projects/RPG/Content/Abilities/Shared/GE_DamageBase.uasset" 2
"D:/Unreal Projects/RPG/Content/Abilities/Shared/GE_RangedBase.uasset" 3
"D:/Unreal Projects/RPG/Content/Abilities/Player/Skills/GE_PlayerSkillManaCost.uasset" 4
"D:/Unreal Projects/RPG/Content/Abilities/Player/Skills/GE_PlayerSkillCooldown.uasset" 5
"../../../Engine/Content/EngineMeshes/Humanoid.uasset" 6
"D:/Unreal Projects/RPG/Content/Characters/SK_Mannequin_Skeleton.uasset" 7
"D:/Unreal Projects/RPG/Content/Effects/FX_Textures/Gradient/T_starFlare_01_M.uasset" 8
"../../../Engine/Content/EngineResources/Black.uasset" 9
"D:/Unreal Projects/RPG/Content/Effects/Masters/M_Add_Sprite_Master_DepthFade.uasset" 10
"D:/Unreal Projects/RPG/Content/Effects/FX_Materials/Gradient/MI_Flare_01.uasset" 11
"D:/Unreal Projects/RPG/Content/Effects/FX_Textures/Fire/T_Fire_Shock_01_D.uasset" 12
"D:/Unreal Projects/RPG/Content/Effects/Masters/M_Add_Sprite_SubUV_Master.uasset" 13
"D:/Unreal Projects/RPG/Content/Effects/FX_Materials/Fire/MI_Fire_Shock_01_5x5_SubUV.uasset" 14
"D:/Unreal Projects/RPG/Content/Effects/FX_Particle/P_PP.uasset" 15
"D:/Unreal Projects/RPG/Content/Characters/Animations/Blunt_Force_Circle1.uasset" 16
"D:/Unreal Projects/RPG/Content/Blueprints/CameraShake/camera_shake_small.uasset" 17
"../../../Engine/Content/EditorBlueprintResources/StandardMacros.uasset" 18
"D:/Unreal Projects/RPG/Content/UI/Texture/T_UI_Screenshot_1.uasset" 19
"D:/Unreal Projects/RPG/Content/UI/Texture/T_UI_Border_02.uasset" 20
"D:/Unreal Projects/RPG/Content/UI/Fonts/Cinzel/Cinzel-Regular.uasset" 21
"D:/Unreal Projects/RPG/Content/UI/Fonts/Cinzel/Cinzel-Bold.uasset" 22
"D:/Unreal Projects/RPG/Content/UI/Fonts/Cinzel/Cinzel-Black.uasset" 23
"D:/Unreal Projects/RPG/Content/UI/Fonts/Cinzel/Cinzel.uasset" 24
"D:/Unreal Projects/RPG/Content/UI/Texture/T_UI_ButtonImage_02.uasset" 25
"D:/Unreal Projects/RPG/Content/UI/Texture/T_UI_ButtonImage_01.uasset" 26
"D:/Unreal Projects/RPG/Content/Assets/Sounds/AudioClasses/SC_UI.uasset" 27
"D:/Unreal Projects/RPG/Content/Assets/Sounds/AudioClasses/SC_Music.uasset" 28
"D:/Unreal Projects/RPG/Content/Assets/Sounds/AudioClasses/SM_Mixer.uasset" 29
"D:/Unreal Projects/RPG/Content/Assets/Sounds/AudioClasses/SC_RPG_Master.uasset" 30
"D:/Unreal Projects/RPG/Content/Assets/Sounds/AudioClasses/SM_Enemies.uasset" 31
"D:/Unreal Projects/RPG/Content/Assets/Sounds/AudioClasses/SC_Enemy.uasset" 32
"D:/Unreal Projects/RPG/Content/Assets/Sounds/AudioClasses/SC_SFX.uasset" 33
"D:/Unreal Projects/RPG/Content/Assets/Sounds/AudioClasses/SM_Slomo.uasset" 34
"D:/Unreal Projects/RPG/Content/Assets/Sounds/AudioClasses/SC_Slomo.uasset" 35
"D:/Unreal Projects/RPG/Content/Assets/Sounds/AudioClasses/SM_Abilities.uasset" 36
"D:/Unreal Projects/RPG/Content/Assets/Sounds/AudioClasses/SC_Abilities.uasset" 37
"D:/Unreal Projects/RPG/Content/Assets/Sounds/AudioClasses/SC_Weapons.uasset" 38
"D:/Unreal Projects/RPG/Content/Assets/Sounds/AudioClasses/SM_Items.uasset" 39
"D:/Unreal Projects/RPG/Content/Assets/Sounds/AudioClasses/SC_Items.uasset" 40
"D:/Unreal Projects/RPG/Content/Assets/Sounds/AudioClasses/SC_Player.uasset" 41
"D:/Unreal Projects/RPG/Content/Assets/Sounds/AudioClasses/SC_Hero.uasset" 42
"D:/Unreal Projects/RPG/Content/Assets/Sounds/Character/A_Character_Step05.uasset" 43
"D:/Unreal Projects/RPG/Content/Assets/Sounds/Character/A_Character_Step04.uasset" 44
"D:/Unreal Projects/RPG/Content/Assets/Sounds/Character/A_Character_Step03.uasset" 45
"D:/Unreal Projects/RPG/Content/Assets/Sounds/Character/A_Character_Step02.uasset" 46
"D:/Unreal Projects/RPG/Content/Assets/Sounds/Character/A_Character_Step01.uasset" 47
"D:/Unreal Projects/RPG/Content/Assets/Sounds/UI/A_UI_Hover.uasset" 48
"D:/Unreal Projects/RPG/Content/Assets/Sounds/Weapons/Hammer/A_Hammer_Impact03.uasset" 49
"D:/Unreal Projects/RPG/Content/Assets/Sounds/Weapons/Hammer/A_Hammer_Impact02.uasset" 50
"D:/Unreal Projects/RPG/Content/Assets/Sounds/Weapons/Hammer/A_Hammer_Impact01.uasset" 51
"D:/Unreal Projects/RPG/Content/Assets/Sounds/UI/A_UI_Box_Confirm.uasset" 52
"D:/Unreal Projects/RPG/Content/Blueprints/WidgetBP/WB_ButtonText.uasset" 53
"D:/Unreal Projects/RPG/Content/Blueprints/WidgetBP/WB_SelectLanguage.uasset" 54
"D:/Unreal Projects/RPG/Content/UI/Texture/T_UI_Checkbox_Unchecked.uasset" 55
"D:/Unreal Projects/RPG/Content/UI/Texture/T_UI_Checkbox_Checked.uasset" 56
"D:/Unreal Projects/RPG/Content/Blueprints/WidgetBP/WB_Checkbox.uasset" 57
"D:/Unreal Projects/RPG/Content/Blueprints/WidgetBP/CommonWords.uasset" 58
"D:/Unreal Projects/RPG/Content/Blueprints/SaveGame/GlobalOptionsStruct.uasset" 59
"D:/Unreal Projects/RPG/Content/Blueprints/WidgetBP/WB_OptionsScreen.uasset" 60
"D:/Unreal Projects/RPG/Content/Blueprints/WidgetBP/WB_PauseMenu.uasset" 61
"D:/Unreal Projects/RPG/Content/Blueprints/SaveGame/GlobalOptionsSaveGame.uasset" 62
"D:/Unreal Projects/RPG/Content/UI/Texture/T_UI_Soul_Icon.uasset" 63
"D:/Unreal Projects/RPG/Content/Items/Tokens/Token_Souls.uasset" 64
"D:/Unreal Projects/RPG/Content/Blueprints/WidgetBP/WB_SkipIntro.uasset" 65
"D:/Unreal Projects/RPG/Content/Effects/Textures/T_Water_N.uasset" 66
"D:/Unreal Projects/RPG/Content/Effects/Textures/T_Dissolve_Mob_M.uasset" 67
"D:/Unreal Projects/RPG/Content/UI/Material/M_UI_Shinyness.uasset" 68
"D:/Unreal Projects/RPG/Content/UI/Texture/T_UI_Weapon_Hammer.uasset" 69
"D:/Unreal Projects/RPG/Content/UI/Texture/T_UI_Screenshot_2.uasset" 70
"D:/Unreal Projects/RPG/Content/UI/Texture/T_UI_Add_Button_01.uasset" 71
"D:/Unreal Projects/RPG/Content/Blueprints/WidgetBP/Inventory/WB_PurchaseConfirm.uasset" 72
"D:/Unreal Projects/RPG/Content/Blueprints/WidgetBP/WB_GenericButton.uasset" 73
"D:/Unreal Projects/RPG/Content/Blueprints/WidgetBP/Inventory/WB_PurchaseItem.uasset" 74
"D:/Unreal Projects/RPG/Content/Assets/Sounds/Weapons/Sword/A_Sword_Swing03.uasset" 75
"D:/Unreal Projects/RPG/Content/Assets/Sounds/Weapons/Sword/A_Sword_Swing02.uasset" 76
"D:/Unreal Projects/RPG/Content/Assets/Sounds/Weapons/Sword/A_Sword_Swing01.uasset" 77
"D:/Unreal Projects/RPG/Content/Assets/Sounds/Weapons/Sword/A_Sword_Swing_Cue.uasset" 78
"D:/Unreal Projects/RPG/Content/Blueprints/WidgetBP/Inventory/WB_InventoryItem.uasset" 79
"D:/Unreal Projects/RPG/Content/UI/Texture/T_UI_Clear_Icon.uasset" 80
"D:/Unreal Projects/RPG/Content/Blueprints/WidgetBP/Inventory/WB_InventoryList.uasset" 81
"D:/Unreal Projects/RPG/Content/Blueprints/WidgetBP/Inventory/WB_EquipmentSlot.uasset" 82
"D:/Unreal Projects/RPG/Content/UI/Texture/T_UI_Glow.uasset" 83
"D:/Unreal Projects/RPG/Content/UI/Material/M_UI_Shadow.uasset" 84
"D:/Unreal Projects/RPG/Content/UI/Texture/T_UI_Icon_Souls01.uasset" 85
"D:/Unreal Projects/RPG/Content/Blueprints/WidgetBP/WB_PointsLabel.uasset" 86
"D:/Unreal Projects/RPG/Content/Blueprints/WidgetBP/Inventory/WB_Equipment.uasset" 87
"D:/Unreal Projects/RPG/Content/UI/Texture/T_UI_Weapon_Sword_0.uasset" 88
"D:/Unreal Projects/RPG/Content/UI/Texture/T_UI_Icon_Roll01.uasset" 89
"D:/Unreal Projects/RPG/Content/UI/Texture/T_UI_Icon_Mouse_R.uasset" 90
"D:/Unreal Projects/RPG/Content/UI/Texture/T_UI_Icon_Mouse_L.uasset" 91
"D:/Unreal Projects/RPG/Content/UI/Texture/T_UI_Icon_Keyboard.uasset" 92
"D:/Unreal Projects/RPG/Content/Blueprints/WidgetBP/HUD/WB_InputLabel.uasset" 93
"D:/Unreal Projects/RPG/Content/UI/Texture/T_UI_Potion_Health.uasset" 94
"D:/Unreal Projects/RPG/Content/UI/Texture/T_UI_Icon_Time01.uasset" 95
"D:/Unreal Projects/RPG/Content/UI/Texture/T_UI_Circle01.uasset" 96
"D:/Unreal Projects/RPG/Content/UI/Texture/T_UI_ButtonGlow01.uasset" 97
"D:/Unreal Projects/RPG/Content/UI/Texture/T_UI_Button01.uasset" 98
"D:/Unreal Projects/RPG/Content/Environment/Textures/Natures/T_Fire_Lava_D.uasset" 99
"D:/Unreal Projects/RPG/Content/Effects/Textures/T_FireBlastTile_D.uasset" 100
"D:/Unreal Projects/RPG/Content/Effects/FX_Textures/Gradient/T_FX_Glow_12alpha_M.uasset" 101
"D:/Unreal Projects/RPG/Content/UI/Texture/T_UI_Weapon_Sword.uasset" 102
"D:/Unreal Projects/RPG/Content/UI/Material/M_RPG_UI_Button01.uasset" 103
"D:/Unreal Projects/RPG/Content/Assets/Sounds/UI/A_UI_WaveEnd.uasset" 104
"D:/Unreal Projects/RPG/Content/Blueprints/Weapon/WeaponActor.uasset" 105
"D:/Unreal Projects/RPG/Content/Blueprints/BP_Character.uasset" 106
"D:/Unreal Projects/RPG/Content/Blueprints/WidgetBP/HUD/WB_InputButton.uasset" 107
"D:/Unreal Projects/RPG/Content/UI/Texture/T_UI_Border_01.uasset" 108
"../../../Engine/Content/Functions/Engine_MaterialFunctions02/Utility/BreakOutFloat4Components.uasset" 109
"D:/Unreal Projects/RPG/Content/UI/Material/M_UI_BlankMaterial.uasset" 110
"D:/Unreal Projects/RPG/Content/Blueprints/WidgetBP/HUD/iHUD.uasset" 111
"D:/Unreal Projects/RPG/Content/Assets/Sounds/UI/A_UI_Select02.uasset" 112
"D:/Unreal Projects/RPG/Content/Blueprints/WidgetBP/HUD/WB_HUD_PC.uasset" 113
"D:/Unreal Projects/RPG/Content/UI/Texture/T_UI_SideButton_Normal.uasset" 114
"D:/Unreal Projects/RPG/Content/UI/Texture/T_UI_Icon_Settings01.uasset" 115
"D:/Unreal Projects/RPG/Content/UI/Texture/T_UI_Icon_Inventory01.uasset" 116
"D:/Unreal Projects/RPG/Content/UI/Texture/T_UI_Change_Icon.uasset" 117
"D:/Unreal Projects/RPG/Content/Assets/Sounds/Weapons/Hammer/A_Hammer_Impact_Cue.uasset" 118
"D:/Unreal Projects/RPG/Content/Blueprints/WidgetBP/HUD/WB_OnScreenInput.uasset" 119
"D:/Unreal Projects/RPG/Content/Blueprints/WidgetBP/HUD/WB_HUD_Mobile.uasset" 120
"D:/Unreal Projects/RPG/Content/Blueprints/BP_PlayerController.uasset" 121
"D:/Unreal Projects/RPG/Content/Blueprints/BP_GameInstance.uasset" 122
"../../../Engine/Content/EditorResources/Ai_Spawnpoint.uasset" 123
"D:/Unreal Projects/RPG/Content/Blueprints/NPC/NPC_SpawnBox.uasset" 124
"D:/Unreal Projects/RPG/Content/UI/Texture/T_UI_Button_Top01.uasset" 125
"D:/Unreal Projects/RPG/Content/Assets/Sounds/Weapons/Hammer/A_Hammer_Swing03.uasset" 126
"D:/Unreal Projects/RPG/Content/Assets/Sounds/Weapons/Hammer/A_Hammer_Swing02.uasset" 127
"D:/Unreal Projects/RPG/Content/Assets/Sounds/Weapons/Hammer/A_Hammer_Swing01.uasset" 128
"D:/Unreal Projects/RPG/Content/Assets/Sounds/Weapons/Hammer/A_Hammer_Swing_Cue.uasset" 129
"D:/Unreal Projects/RPG/Content/Assets/Sounds/Music/Stingers/A_Music_Stinger02.uasset" 130
"D:/Unreal Projects/RPG/Content/Blueprints/WidgetBP/WB_WaveStart.uasset" 131
"D:/Unreal Projects/RPG/Content/Assets/Sounds/UI/A_UI_Select01.uasset" 132
"D:/Unreal Projects/RPG/Content/Blueprints/WidgetBP/WB_InGame_Finish.uasset" 133
"D:/Unreal Projects/RPG/Content/Blueprints/WidgetBP/Debug_UI.uasset" 134
"../../../Engine/Content/Functions/Engine_MaterialFunctions02/Utility/BreakOutFloat2Components.uasset" 135
"../../../Engine/Content/Functions/Engine_MaterialFunctions02/SmoothStep.uasset" 136
"D:/Unreal Projects/RPG/Content/Items/Pickups/PotionPickups/Assets/M_PotionGlass.uasset" 137
"D:/Unreal Projects/RPG/Content/Items/Pickups/PotionPickups/Assets/SM_PotionBottle.uasset" 138
"D:/Unreal Projects/RPG/Content/UI/Texture/T_UI_TargetIcon_01.uasset" 139
"D:/Unreal Projects/RPG/Content/Blueprints/WidgetBP/WB_HUD_Pickup.uasset" 140
"D:/Unreal Projects/RPG/Content/Assets/Sounds/UI/A_UI_GameOver01.uasset" 141
"D:/Unreal Projects/RPG/Content/Items/Pickups/BP_RPGItem_Pickup_Base.uasset" 142
"D:/Unreal Projects/RPG/Content/UI/Texture/T_UI_Potion_ManaAndHealth.uasset" 143
"D:/Unreal Projects/RPG/Content/Abilities/Shared/GE_HealBase.uasset" 144
"D:/Unreal Projects/RPG/Content/Abilities/Shared/GA_PotionBase.uasset" 145
"D:/Unreal Projects/RPG/Content/Abilities/DataTables/StartingStats.uasset" 146
"D:/Unreal Projects/RPG/Content/Abilities/Player/Potions/GE_DeathsDoor.uasset" 147
"D:/Unreal Projects/RPG/Content/Effects/FX_Meshes/Skills/SM_Spiral_Swirl_01.uasset" 148
"D:/Unreal Projects/RPG/Content/Effects/FX_Meshes/Skills/SM_BlastWave.uasset" 149
"D:/Unreal Projects/RPG/Content/UI/Texture/T_UI_Icon_PotHealth01.uasset" 150
"D:/Unreal Projects/RPG/Content/Effects/Masters/M_Trans_Additive_Master.uasset" 151
"D:/Unreal Projects/RPG/Content/Effects/FX_Materials/Glyph/MI_Health_01.uasset" 152
"D:/Unreal Projects/RPG/Content/Effects/FX_Textures/Gradient/T_GlowNoise_01.uasset" 153
"D:/Unreal Projects/RPG/Content/Effects/Masters/M_Add_Sprite_Master.uasset" 154
"D:/Unreal Projects/RPG/Content/Effects/FX_Materials/M_Shockwave_03_Add_INST.uasset" 155
"D:/Unreal Projects/RPG/Content/Effects/FX_Materials/m_flare_01.uasset" 156
"D:/Unreal Projects/RPG/Content/Effects/FX_Textures/Gradient/T_BlastWave_D.uasset" 157
"D:/Unreal Projects/RPG/Content/Effects/FX_Materials/MI_Shockwave_01_ADD.uasset" 158
"D:/Unreal Projects/RPG/Content/Effects/FX_Textures/Gradient/T_SwipeTrail.uasset" 159
"D:/Unreal Projects/RPG/Content/Effects/FX_Materials/Trails/M_Swipe_Mesh_Add_2Sided_01_INST.uasset" 160
"D:/Unreal Projects/RPG/Content/Effects/FX_Textures/Gradient/T_SoftFallOff.uasset" 161
"D:/Unreal Projects/RPG/Content/Effects/FX_Materials/Gradient/M_Flare_03_INST.uasset" 162
"D:/Unreal Projects/RPG/Content/Effects/FX_Potions/Heal/P_Health_Potion.uasset" 163
"D:/Unreal Projects/RPG/Content/Assets/Sounds/Character/A_Character_Potion02.uasset" 164
"D:/Unreal Projects/RPG/Content/Assets/Sounds/Character/A_Character_Potion01.uasset" 165
"D:/Unreal Projects/RPG/Content/Assets/Sounds/Character/A_Character_Potion_Cue.uasset" 166
"D:/Unreal Projects/RPG/Content/Assets/Sounds/Character/A_Character_Heal01.uasset" 167
"D:/Unreal Projects/RPG/Content/Assets/Sounds/Character/A_Character_Heal_Cue.uasset" 168
"D:/Unreal Projects/RPG/Content/Characters/Animations/Drink_Potion_Sword.uasset" 169
"D:/Unreal Projects/RPG/Content/Blueprints/AnimNotifies/UseItemNS.uasset" 170
"D:/Unreal Projects/RPG/Content/Abilities/Shared/GE_DamageImmune.uasset" 171
"D:/Unreal Projects/RPG/Content/Blueprints/AnimNotifies/ShieldNS.uasset" 172
"D:/Unreal Projects/RPG/Content/Blueprints/AnimNotifies/BlockMoveInputNS.uasset" 173
"D:/Unreal Projects/RPG/Content/Blueprints/AnimNotifies/AN_MaterialEffect.uasset" 174
"D:/Unreal Projects/RPG/Content/Characters/Animations/AM_Item_Potion.uasset" 175
"D:/Unreal Projects/RPG/Content/Abilities/Player/Potions/GA_DeathsDoor.uasset" 176
"D:/Unreal Projects/RPG/Content/Items/Potions/Potion_DeathsDoor.uasset" 177
"D:/Unreal Projects/RPG/Content/Items/Pickups/PotionPickups/BP_Pickup_ManaHealth.uasset" 178
"D:/Unreal Projects/RPG/Content/UI/Texture/T_UI_Potion_Mana.uasset" 179
"D:/Unreal Projects/RPG/Content/Abilities/Player/Potions/GE_PotionMana.uasset" 180
"D:/Unreal Projects/RPG/Content/UI/Texture/T_UI_Icon_PotMana01.uasset" 181
"D:/Unreal Projects/RPG/Content/Effects/FX_Materials/Glyph/MI_Mana_01.uasset" 182
"D:/Unreal Projects/RPG/Content/Effects/FX_Potions/Mana/P_Mana_Potion.uasset" 183
"D:/Unreal Projects/RPG/Content/Assets/Sounds/Character/A_Character_Heal01_Mana.uasset" 184
"D:/Unreal Projects/RPG/Content/Assets/Sounds/Character/A_Character_Heal_Mana_Cue.uasset" 185
"D:/Unreal Projects/RPG/Content/Characters/Animations/Drink_Potion_Sword_Mana.uasset" 186
"D:/Unreal Projects/RPG/Content/Characters/Animations/AM_Item_Potion_Mana.uasset" 187
"D:/Unreal Projects/RPG/Content/Abilities/Player/Potions/GA_PotionMana.uasset" 188
"D:/Unreal Projects/RPG/Content/Items/Potions/Potion_Mana.uasset" 189
"D:/Unreal Projects/RPG/Content/Items/Pickups/PotionPickups/Assets/M_PotionLiquid_Blue.uasset" 190
"D:/Unreal Projects/RPG/Content/Items/Pickups/PotionPickups/BP_Pickup_Mana.uasset" 191
"D:/Unreal Projects/RPG/Content/Items/Pickups/PotionPickups/Assets/M_PotionLiquid_Green.uasset" 192
"D:/Unreal Projects/RPG/Content/Abilities/Player/Potions/GE_PotionHealth.uasset" 193
"D:/Unreal Projects/RPG/Content/Abilities/Player/Potions/GA_PotionHealth.uasset" 194
"D:/Unreal Projects/RPG/Content/Items/Potions/Potion_Health.uasset" 195
"D:/Unreal Projects/RPG/Content/Items/Pickups/PotionPickups/BP_Pickup_Health.uasset" 196
"D:/Unreal Projects/RPG/Content/Blueprints/WidgetBP/WB_Target.uasset" 197
"D:/Unreal Projects/RPG/Content/Blueprints/WidgetBP/WB_EnemyHP.uasset" 198
"D:/Unreal Projects/RPG/Content/Weapons/Blunt_Hellhammer/T_Blunt_Hellhammer2_N.uasset" 199
"D:/Unreal Projects/RPG/Content/Weapons/Blunt_Hellhammer/T_Blunt_Hellhammer2_D.uasset" 200
"D:/Unreal Projects/RPG/Content/Weapons/Blunt_Hellhammer/T_Blunt_Hellhammer1_N.uasset" 201
"D:/Unreal Projects/RPG/Content/Weapons/Blunt_Hellhammer/T_Blunt_Hellhammer1_M.uasset" 202
"D:/Unreal Projects/RPG/Content/Weapons/Blunt_Hellhammer/T_Blunt_Hellhammer1_D.uasset" 203
"D:/Unreal Projects/RPG/Content/Effects/Textures/T_Fire_Tiled_D.uasset" 204
"D:/Unreal Projects/RPG/Content/Weapons/Blunt_Hellhammer/M_Blunt_Hellhammer.uasset" 205
"D:/Unreal Projects/RPG/Content/Items/Pickups/WeaponPickups/Assets/SM_Blunt_Hell_Hammer.uasset" 206
"D:/Unreal Projects/RPG/Content/UI/Texture/T_UI_Weapon_FireAxe.uasset" 207
"D:/Unreal Projects/RPG/Content/Abilities/Shared/GE_MeleeBase.uasset" 208
"D:/Unreal Projects/RPG/Content/Abilities/DataTables/AttackDamage_Sword.uasset" 209
"D:/Unreal Projects/RPG/Content/Items/Pickups/WeaponPickups/Assets/GE_WeaponPickUp.uasset" 210
"D:/Unreal Projects/RPG/Content/Abilities/Shared/TargetType_SphereTrace.uasset" 211
"D:/Unreal Projects/RPG/Content/Abilities/Player/Sword/TargetType_JumpSlam.uasset" 212
"D:/Unreal Projects/RPG/Content/Abilities/Player/Sword/TargetType_FrontalAttack.uasset" 213
"D:/Unreal Projects/RPG/Content/Abilities/Player/Sword/TargetType_ChestKick.uasset" 214
"D:/Unreal Projects/RPG/Content/Abilities/Player/Sword/GE_PlayerSwordJumpSlam.uasset" 215
"D:/Unreal Projects/RPG/Content/Abilities/Player/Sword/GE_PlayerSwordFrontalAttack.uasset" 216
"D:/Unreal Projects/RPG/Content/Abilities/Player/Sword/GE_PlayerSwordChestKick.uasset" 217
"D:/Unreal Projects/RPG/Content/UI/Texture/T_UI_Effect02_D.uasset" 218
"D:/Unreal Projects/RPG/Content/Effects/Textures/T_Trail_M.uasset" 219
"D:/Unreal Projects/RPG/Content/Effects/FX_Textures/Fire/T_FireBlastTile_D.uasset" 220
"D:/Unreal Projects/RPG/Content/Effects/FX_Materials/M_Sword_Trail.uasset" 221
"../../../Engine/Content/Functions/Engine_MaterialFunctions01/Gradient/RadialGradient.uasset" 222
"D:/Unreal Projects/RPG/Content/Effects/FX_Materials/M_Radial_Gradient.uasset" 223
"D:/Unreal Projects/RPG/Content/Effects/FX_Particle/P_Sword_Trail_F.uasset" 224
"D:/Unreal Projects/RPG/Content/Blueprints/AnimNotifies/CameraShakeNotify.uasset" 225
"D:/Unreal Projects/RPG/Content/Assets/Sounds/Weapons/A_Weapon_FireSwing04.uasset" 226
"D:/Unreal Projects/RPG/Content/Assets/Sounds/Weapons/A_Weapon_FireSwing03.uasset" 227
"D:/Unreal Projects/RPG/Content/Assets/Sounds/Weapons/A_Weapon_FireSwing02.uasset" 228
"D:/Unreal Projects/RPG/Content/Assets/Sounds/Weapons/A_Weapon_FireSwing01.uasset" 229
"D:/Unreal Projects/RPG/Content/Assets/Sounds/Weapons/A_Weapon_FireSwing_Cue.uasset" 230
"D:/Unreal Projects/RPG/Content/Characters/Animations/Combat_Blade_Swing_Far.uasset" 231
"D:/Unreal Projects/RPG/Content/Effects/FX_Textures/Smoke/T_SmokeBall_01_8_8_M.uasset" 232
"D:/Unreal Projects/RPG/Content/Effects/FX_Materials/Smoke/MI_Smoke_01_8X8.uasset" 233
"D:/Unreal Projects/RPG/Content/Effects/FX_Textures/Gradient/T_GlowNoise_01_M.uasset" 234
"D:/Unreal Projects/RPG/Content/Effects/FX_Materials/MI_Shockwave_03_Add.uasset" 235
"D:/Unreal Projects/RPG/Content/Effects/FX_Particle/P_Skill_002.uasset" 236
"D:/Unreal Projects/RPG/Content/Blueprints/AnimNotifies/SlomoNotify.uasset" 237
"D:/Unreal Projects/RPG/Content/Assets/Sounds/Character/A_Character_Grunt03.uasset" 238
"D:/Unreal Projects/RPG/Content/Assets/Sounds/Character/A_Character_Grunt02.uasset" 239
"D:/Unreal Projects/RPG/Content/Assets/Sounds/Character/A_Character_Grunt01.uasset" 240
"D:/Unreal Projects/RPG/Content/Assets/Sounds/Character/A_Character_Grunt_Cue.uasset" 241
"D:/Unreal Projects/RPG/Content/Characters/Animations/Chestopen_Kick.uasset" 242
"D:/Unreal Projects/RPG/Content/Effects/FX_Textures/Liquid/T_bloodTest_4X6_D.uasset" 243
"D:/Unreal Projects/RPG/Content/Effects/FX_Textures/Tile/T_Black_32_D.uasset" 244
"D:/Unreal Projects/RPG/Content/Effects/Masters/M_Trans_Sprite_Master_DepthFade.uasset" 245
"D:/Unreal Projects/RPG/Content/Effects/FX_Materials/Liquid/MI_Liquid_Spray_01_4X6.uasset" 246
"D:/Unreal Projects/RPG/Content/Effects/FX_Materials/Gradient/MI_Flare_09.uasset" 247
"D:/Unreal Projects/RPG/Content/Effects/FX_Textures/Smoke/T_Smoke_subUV_01_M.uasset" 248
"D:/Unreal Projects/RPG/Content/Effects/Masters/M_Trans_Sprite_SubUV_Master_DepthFade.uasset" 249
"D:/Unreal Projects/RPG/Content/Effects/FX_Materials/Smoke/MI_Smoke_02_Trans_6X6.uasset" 250
"D:/Unreal Projects/RPG/Content/Effects/FX_Textures/Lightning/T_Lightning_Bolt_01_D.uasset" 251
"D:/Unreal Projects/RPG/Content/Effects/FX_Materials/Lightning/MI_Lightning_Bolt_01_Add_4X1.uasset" 252
"D:/Unreal Projects/RPG/Content/Effects/FX_Textures/Lightning/T_Lightning_Arc_4x1_D.uasset" 253
"D:/Unreal Projects/RPG/Content/Effects/Masters/M_Trans_Sprite_SubUV_Master.uasset" 254
"D:/Unreal Projects/RPG/Content/Effects/FX_Materials/Lightning/MI_Lightning_Arc_01_Trans_4X1.uasset" 255
"D:/Unreal Projects/RPG/Content/Effects/FX_Textures/Gradient/T_Flare_Streaks_02_M.uasset" 256
"D:/Unreal Projects/RPG/Content/Effects/FX_Materials/Gradient/MI_Flare_Streak_01.uasset" 257
"D:/Unreal Projects/RPG/Content/Effects/FX_Skill_Leap/P_Attack_ComboFX.uasset" 258
"D:/Unreal Projects/RPG/Content/Blueprints/CameraShake/BP_Camerashake.uasset" 259
"D:/Unreal Projects/RPG/Content/Assets/Sounds/Weapons/Axe/A_Axe_Swing03.uasset" 260
"D:/Unreal Projects/RPG/Content/Assets/Sounds/Weapons/Axe/A_Axe_Swing02.uasset" 261
"D:/Unreal Projects/RPG/Content/Assets/Sounds/Weapons/Axe/A_Axe_Swing01.uasset" 262
"D:/Unreal Projects/RPG/Content/Assets/Sounds/Weapons/Axe/A_Axe_Swing_Cue.uasset" 263
"D:/Unreal Projects/RPG/Content/Assets/Sounds/Abilities/A_Ability_TimeSlow01.uasset" 264
"D:/Unreal Projects/RPG/Content/Assets/Sounds/Abilities/A_Ability_TimeSlow01_Cue.uasset" 265
"D:/Unreal Projects/RPG/Content/Assets/Sounds/Abilities/A_Ability_MeteorImpact02.uasset" 266
"D:/Unreal Projects/RPG/Content/Assets/Sounds/Abilities/A_Ability_MeteorImpact01.uasset" 267
"D:/Unreal Projects/RPG/Content/Assets/Sounds/Abilities/A_Ability_MeteorImpact_Cue.uasset" 268
"D:/Unreal Projects/RPG/Content/Assets/Sounds/Character/A_Character_Yell02.uasset" 269
"D:/Unreal Projects/RPG/Content/Assets/Sounds/Character/A_Character_Yell01.uasset" 270
"D:/Unreal Projects/RPG/Content/Assets/Sounds/Character/A_Character_Yell_Cue.uasset" 271
"D:/Unreal Projects/RPG/Content/Characters/Animations/Attack03.uasset" 272
"D:/Unreal Projects/RPG/Content/Effects/FX_Particle/P_Skill_001.uasset" 273
"D:/Unreal Projects/RPG/Content/Characters/Animations/Attack.uasset" 274
"D:/Unreal Projects/RPG/Content/Effects/FX_Meshes/Skills/SM_SwipeTrail.uasset" 275
"D:/Unreal Projects/RPG/Content/Effects/FX_Meshes/Skills/SM_AuraCircle_03_Twist.uasset" 276
"D:/Unreal Projects/RPG/Content/Effects/FX_Textures/Gradient/T_SwipeTrail_M.uasset" 277
"D:/Unreal Projects/RPG/Content/Effects/Masters/M_Add_Sprite_2Sided_Master.uasset" 278
"D:/Unreal Projects/RPG/Content/Effects/FX_Materials/Trails/MI_Swipe_Mesh_Add_2Sided_01.uasset" 279
"D:/Unreal Projects/RPG/Content/Effects/FX_Textures/Noise/T_Tile_Noise_Tendril_01_M.uasset" 280
"D:/Unreal Projects/RPG/Content/Effects/Masters/M_Trans_MeshEmit_2Sided_Pan_Mask_Master.uasset" 281
"D:/Unreal Projects/RPG/Content/Effects/FX_Materials/Noise/MI_Tile_Noise_Tendril_01_in.uasset" 282
"D:/Unreal Projects/RPG/Content/Effects/FX_Textures/Spark/T_Sparks_04_SubUV_1_4_M.uasset" 283
"D:/Unreal Projects/RPG/Content/Effects/FX_Materials/Spark/MI_Spark_04_SubUV_1_4.uasset" 284
"D:/Unreal Projects/RPG/Content/Effects/FX_Skill_RockBurst/P_RBurst_Lightning_Pull_01.uasset" 285
"D:/Unreal Projects/RPG/Content/Assets/Sounds/Character/A_Character_Effort04.uasset" 286
"D:/Unreal Projects/RPG/Content/Assets/Sounds/Character/A_Character_Effort03.uasset" 287
"D:/Unreal Projects/RPG/Content/Assets/Sounds/Character/A_Character_Effort01.uasset" 288
"D:/Unreal Projects/RPG/Content/Assets/Sounds/Character/A_Character_Effort_Cue.uasset" 289
"D:/Unreal Projects/RPG/Content/Characters/Animations/Anim_Sword_Whirlwind.uasset" 290
"D:/Unreal Projects/RPG/Content/Blueprints/AnimNotifies/JumpSectionNS.uasset" 291
"D:/Unreal Projects/RPG/Content/Blueprints/AnimNotifies/MoveForwardNS.uasset" 292
"D:/Unreal Projects/RPG/Content/Blueprints/AnimNotifies/MoveForwardNotify.uasset" 293
"D:/Unreal Projects/RPG/Content/Blueprints/AnimNotifies/RangeAttackNS.uasset" 294
"D:/Unreal Projects/RPG/Content/Blueprints/AnimNotifies/WeaponAttackNS.uasset" 295
"D:/Unreal Projects/RPG/Content/Characters/Animations/AM_Attack_Sword.uasset" 296
"D:/Unreal Projects/RPG/Content/Abilities/Shared/GA_AbilityBase.uasset" 297
"D:/Unreal Projects/RPG/Content/Abilities/Shared/GA_MeleeBase.uasset" 298
"D:/Unreal Projects/RPG/Content/Items/Pickups/WeaponPickups/Assets/GA_WeaponPickUp.uasset" 299
"D:/Unreal Projects/RPG/Content/Weapons/Blunt_Hellhammer/SK_Blunt_HellHammer_Skeleton.uasset" 300
"D:/Unreal Projects/RPG/Content/Weapons/Blunt_Hellhammer/SK_Blunt_HellHammer.uasset" 301
"D:/Unreal Projects/RPG/Content/Blueprints/Weapon/BP_Weapon_HellHammer.uasset" 302
"D:/Unreal Projects/RPG/Content/Items/Pickups/WeaponPickups/Assets/Weapon_PickUp.uasset" 303
"D:/Unreal Projects/RPG/Content/Items/Pickups/WeaponPickups/BP_Weapon_Pickup.uasset" 304
"D:/Unreal Projects/RPG/Content/Blueprints/WidgetBP/WB_DamageNumber.uasset" 305
"D:/Unreal Projects/RPG/Content/Blueprints/WidgetBP/WC_DamageText.uasset" 306
"D:/Unreal Projects/RPG/Content/Effects/FX_Meshes/Skills/SM_SpinSpiral.uasset" 307
"D:/Unreal Projects/RPG/Content/Effects/FX_Materials/M_SoulCollectible.uasset" 308
"D:/Unreal Projects/RPG/Content/Effects/FX_Ability/Summon/P_Summon_Parent_Startup.uasset" 309
"D:/Unreal Projects/RPG/Content/Blueprints/BP_SoulItem.uasset" 310
"D:/Unreal Projects/RPG/Content/Blueprints/BP_EnemyCharacter.uasset" 311
"D:/Unreal Projects/RPG/Content/Blueprints/Progression/SpawnGroupStruct.uasset" 312
"D:/Unreal Projects/RPG/Content/Blueprints/Progression/WavesStruct.uasset" 313
"D:/Unreal Projects/RPG/Content/Blueprints/AI/BTTask_GoAroundTarget.uasset" 314
"D:/Unreal Projects/RPG/Content/Blueprints/AI/BTTask_AttackMelee.uasset" 315
"D:/Unreal Projects/RPG/Content/Blueprints/AI/BTService_RandomMoveSpeed.uasset" 316
"D:/Unreal Projects/RPG/Content/Blueprints/AI/BTService_FindNearestTarget.uasset" 317
"D:/Unreal Projects/RPG/Content/Blueprints/AI/BTService_DistanceToTarget.uasset" 318
"D:/Unreal Projects/RPG/Content/Blueprints/AI/BTDec_IsAlive.uasset" 319
"D:/Unreal Projects/RPG/Content/Blueprints/AI/BB_Base.uasset" 320
"D:/Unreal Projects/RPG/Content/Blueprints/AI/EQS_PlayerContext.uasset" 321
"D:/Unreal Projects/RPG/Content/Blueprints/AI/GruntAI/EQ_FindPlayer.uasset" 322
"D:/Unreal Projects/RPG/Content/Blueprints/AI/GruntAI/BT_NPC.uasset" 323
"D:/Unreal Projects/RPG/Content/Blueprints/AI/GruntAI/AIC_NPC.uasset" 324
"D:/Unreal Projects/RPG/Content/Effects/FX_Textures/T_PC_Shadow_M.uasset" 325
"../../../Engine/Content/Functions/Engine_MaterialFunctions01/Density/ExponentialDensity.uasset" 326
"../../../Engine/Content/Functions/Engine_MaterialFunctions01/Gradient/RadialGradientExponential.uasset" 327
"D:/Unreal Projects/RPG/Content/Effects/FX_Materials/M_PC_Shadow_Mat.uasset" 328
"D:/Unreal Projects/RPG/Content/Effects/FX_Meshes/SM_CharM_Shadow.uasset" 329
"D:/Unreal Projects/RPG/Content/Enemy/Enemy_Gruntling_Guardian/Textures/T_Gruntling_Guardian_N.uasset" 330
"D:/Unreal Projects/RPG/Content/Enemy/Enemy_Gruntling_Guardian/Textures/T_Gruntling_E.uasset" 331
"D:/Unreal Projects/RPG/Content/Enemy/Enemy_Gruntling_Guardian/Textures/T_Gruntling_D.uasset" 332
"D:/Unreal Projects/RPG/Content/Enemy/Enemy_Gruntling_Guardian/Textures/T_Gruntling_Avalanche_M.uasset" 333
"D:/Unreal Projects/RPG/Content/Enemy/Enemy_Gruntling_Guardian/Textures/T_Gruntling_Guardian_M.uasset" 334
"D:/Unreal Projects/RPG/Content/Enemy/Enemy_Gruntling_Guardian/Textures/T_Gruntling_Guardian_E.uasset" 335
"D:/Unreal Projects/RPG/Content/Enemy/Enemy_Gruntling_Guardian/Textures/T_Gruntling_Guardian_D.uasset" 336
"D:/Unreal Projects/RPG/Content/Effects/FX_Materials/MF_DissolveEffect.uasset" 337
"D:/Unreal Projects/RPG/Content/Enemy/Enemy_Gruntling_Guardian/Materials/CharM_Gruntling_Base.uasset" 338
"D:/Unreal Projects/RPG/Content/Enemy/Enemy_Gruntling_Guardian/Materials/CharM_Gruntling.uasset" 339
"D:/Unreal Projects/RPG/Content/Enemy/Enemy_Gruntling_Guardian/SK_Exodus_Gruntling_PhysicsAsset.uasset" 340
"D:/Unreal Projects/RPG/Content/Enemy/Enemy_Gruntling_Guardian/SK_Gruntling_Guardian_Skeleton.uasset" 341
"D:/Unreal Projects/RPG/Content/Enemy/Enemy_Gruntling_Guardian/SK_Gruntling_Guardian.uasset" 342
"D:/Unreal Projects/RPG/Content/Weapons/Blunt_SpikedClub/SK_Blunt_SpikedClub_Skeleton.uasset" 343
"D:/Unreal Projects/RPG/Content/Weapons/Blunt_SpikedClub/T_Blunt_SpikedClub2_N.uasset" 344
"D:/Unreal Projects/RPG/Content/Weapons/Blunt_SpikedClub/T_Blunt_SpikedClub2_M.uasset" 345
"D:/Unreal Projects/RPG/Content/Weapons/Blunt_SpikedClub/T_Blunt_SpikedClub2_D.uasset" 346
"D:/Unreal Projects/RPG/Content/Weapons/Blunt_SpikedClub/T_Blunt_SpikedClub1_N.uasset" 347
"D:/Unreal Projects/RPG/Content/Weapons/Blunt_SpikedClub/T_Blunt_SpikedClub1_D.uasset" 348
"D:/Unreal Projects/RPG/Content/Weapons/Blunt_SpikedClub/M_Blunt_SpikedClub.uasset" 349
"D:/Unreal Projects/RPG/Content/Weapons/Blunt_SpikedClub/SK_Blunt_SpikedClub.uasset" 350
"D:/Unreal Projects/RPG/Content/Blueprints/Weapon/GuardianWeaponActor.uasset" 351
"D:/Unreal Projects/RPG/Content/Blueprints/AnimNotifies/AN_VisibilityEffect.uasset" 352
"D:/Unreal Projects/RPG/Content/Assets/Sounds/Creatures/Guardian/A_Guardian_Spawn02.uasset" 353
"D:/Unreal Projects/RPG/Content/Assets/Sounds/Creatures/Guardian/A_Guardian_Spawn01.uasset" 354
"D:/Unreal Projects/RPG/Content/Assets/Sounds/Creatures/Guardian/A_Guardian_Attack02.uasset" 355
"D:/Unreal Projects/RPG/Content/Assets/Sounds/Creatures/Guardian/A_Guardian_Attack01.uasset" 356
"D:/Unreal Projects/RPG/Content/Assets/Sounds/Concurrency/Guardian_Spawn.uasset" 357
"D:/Unreal Projects/RPG/Content/Assets/Sounds/Creatures/Guardian/A_Guardian_Spawn_Cue.uasset" 358
"D:/Unreal Projects/RPG/Content/Enemy/Enemy_Gruntling_Guardian/Enemy_Gruntling_Guardian_Animation/Intro_Summon.uasset" 359
"D:/Unreal Projects/RPG/Content/Blueprints/AnimNotifies/Death_Notify.uasset" 360
"D:/Unreal Projects/RPG/Content/Assets/Sounds/Creatures/Guardian/A_Guardian_Death02.uasset" 361
"D:/Unreal Projects/RPG/Content/Assets/Sounds/Creatures/Guardian/A_Guardian_Death01.uasset" 362
"D:/Unreal Projects/RPG/Content/Assets/Sounds/Creatures/Guardian/A_Guardian_Death_Cue.uasset" 363
"D:/Unreal Projects/RPG/Content/Enemy/Enemy_Gruntling_Guardian/Enemy_Gruntling_Guardian_Animation/Death.uasset" 364
"D:/Unreal Projects/RPG/Content/Enemy/Enemy_Gruntling_Guardian/Enemy_Gruntling_Guardian_Animation/Idle_Grunt.uasset" 365
"D:/Unreal Projects/RPG/Content/Assets/Sounds/Creatures/Guardian/A_Guardian_Footstep02.uasset" 366
"D:/Unreal Projects/RPG/Content/Assets/Sounds/Creatures/Guardian/A_Guardian_Footstep01.uasset" 367
"D:/Unreal Projects/RPG/Content/Assets/Sounds/Concurrency/EnemyFootsteps_Guardian.uasset" 368
"D:/Unreal Projects/RPG/Content/Assets/Sounds/Creatures/Guardian/A_Guardian_Footstep_Cue.uasset" 369
"D:/Unreal Projects/RPG/Content/Enemy/Enemy_Gruntling_Guardian/Enemy_Gruntling_Guardian_Animation/Gruntling_Walk_Slow.uasset" 370
"D:/Unreal Projects/RPG/Content/Enemy/Enemy_Gruntling_Guardian/Enemy_Gruntling_Guardian_Animation/Gruntling_Walk.uasset" 371
"D:/Unreal Projects/RPG/Content/Enemy/Enemy_Gruntling_Guardian/Enemy_Gruntling_Guardian_Animation/Gruntling_Run.uasset" 372
"D:/Unreal Projects/RPG/Content/Blueprints/NPC/Idle_Run_Guardian_1D.uasset" 373
"D:/Unreal Projects/RPG/Content/Blueprints/NPC/NPC_AnimBP_Base.uasset" 374
"D:/Unreal Projects/RPG/Content/Blueprints/AnimNotifies/Hit_Notify.uasset" 375
"D:/Unreal Projects/RPG/Content/Assets/Sounds/Creatures/Guardian/A_Guardian_Impact04.uasset" 376
"D:/Unreal Projects/RPG/Content/Assets/Sounds/Creatures/Guardian/A_Guardian_Impact03.uasset" 377
"D:/Unreal Projects/RPG/Content/Assets/Sounds/Creatures/Guardian/A_Guardian_Impact02.uasset" 378
"D:/Unreal Projects/RPG/Content/Assets/Sounds/Creatures/Guardian/A_Guardian_Impact01.uasset" 379
"D:/Unreal Projects/RPG/Content/Assets/Sounds/Creatures/Guardian/A_Guardian_ImpactL_Cue.uasset" 380
"D:/Unreal Projects/RPG/Content/Enemy/Enemy_Gruntling_Guardian/Enemy_Gruntling_Guardian_Animation/React_Knockback_Front.uasset" 381
"D:/Unreal Projects/RPG/Content/Blueprints/AnimNotifies/StopAndStartAI_NS.uasset" 382
"D:/Unreal Projects/RPG/Content/Enemy/Enemy_Gruntling_Guardian/Enemy_Gruntling_Guardian_Animation/React_Heavy_Front.uasset" 383
"D:/Unreal Projects/RPG/Content/Animations/NPC/AM_Guardian_Hit.uasset" 384
"D:/Unreal Projects/RPG/Content/Enemy/Enemy_Gruntling_Guardian/Enemy_Gruntling_Guardian_Animation/Death_Small_05.uasset" 385
"D:/Unreal Projects/RPG/Content/Enemy/Enemy_Gruntling_Guardian/Enemy_Gruntling_Guardian_Animation/Death_Small_03.uasset" 386
"D:/Unreal Projects/RPG/Content/Animations/NPC/AM_Guardian_Falldown.uasset" 387
"D:/Unreal Projects/RPG/Content/Abilities/Shared/GE_StatsBase.uasset" 388
"D:/Unreal Projects/RPG/Content/Abilities/Enemies/Goblin/GE_GoblinStats.uasset" 389
"D:/Unreal Projects/RPG/Content/Abilities/Enemies/Goblin/GE_GoblinMelee.uasset" 390
"D:/Unreal Projects/RPG/Content/Assets/Sounds/Creatures/Guardian/A_Guardian_Swing03.uasset" 391
"D:/Unreal Projects/RPG/Content/Assets/Sounds/Creatures/Guardian/A_Guardian_Swing02.uasset" 392
"D:/Unreal Projects/RPG/Content/Assets/Sounds/Creatures/Guardian/A_Guardian_Swing01.uasset" 393
"D:/Unreal Projects/RPG/Content/Assets/Sounds/Creatures/Guardian/A_Guardian_Attack_Cue.uasset" 394
"D:/Unreal Projects/RPG/Content/Enemy/Enemy_Gruntling_Guardian/Enemy_Anim_Sword_Combat_Swing.uasset" 395
"D:/Unreal Projects/RPG/Content/Animations/NPC/AM_Guardian_Attack.uasset" 396
"D:/Unreal Projects/RPG/Content/Abilities/Enemies/Goblin/GA_GoblinMelee.uasset" 397
"D:/Unreal Projects/RPG/Content/Blueprints/NPC/NPC_GoblinBP.uasset" 398
"D:/Unreal Projects/RPG/Content/Enemy/Enemy_Gruntling_Guardian/SK_Exodus_Gruntling.uasset" 399
"D:/Unreal Projects/RPG/Content/Weapons/Enemy_Gruntling_Weapons/Textures/T_PickAxe_N.uasset" 400
"D:/Unreal Projects/RPG/Content/Weapons/Enemy_Gruntling_Weapons/Textures/T_PickAxe_M.uasset" 401
"D:/Unreal Projects/RPG/Content/Weapons/Enemy_Gruntling_Weapons/Textures/T_PickAxe_E.uasset" 402
"D:/Unreal Projects/RPG/Content/Weapons/Enemy_Gruntling_Weapons/Textures/T_PickAxe_D.uasset" 403
"D:/Unreal Projects/RPG/Content/Weapons/Enemy_Gruntling_Weapons/Materials/M_Gruntling_weapons.uasset" 404
"D:/Unreal Projects/RPG/Content/Weapons/Enemy_Gruntling_Weapons/Meshes/SM_Gruntling_Weapon01_Internal.uasset" 405
"D:/Unreal Projects/RPG/Content/Blueprints/Weapon/Goblin/GoblinWeapon_Base.uasset" 406
"D:/Unreal Projects/RPG/Content/Blueprints/NPC/NPC_Goblin_Level_01.uasset" 407
"D:/Unreal Projects/RPG/Content/Enemy/Enemy_Gruntling_Guardian/Textures/T_Gruntling_Avalanche_N.uasset" 408
"D:/Unreal Projects/RPG/Content/Enemy/Enemy_Gruntling_Guardian/Textures/T_Gruntling_Avalanche_E.uasset" 409
"D:/Unreal Projects/RPG/Content/Enemy/Enemy_Gruntling_Guardian/Textures/T_Gruntling_Avalanche_D.uasset" 410
"D:/Unreal Projects/RPG/Content/Enemy/Enemy_Gruntling_Guardian/Materials/CharM_Gruntling_Avalanche.uasset" 411
"D:/Unreal Projects/RPG/Content/Enemy/Enemy_Gruntling_Guardian/SK_Gruntling_Avalanche.uasset" 412
"D:/Unreal Projects/RPG/Content/Effects/FX_Textures/Damage/T_Rocks_Fire_3_3_D.uasset" 413
"D:/Unreal Projects/RPG/Content/Effects/FX_Materials/Damage/MI_RockDebrisFire_Trans.uasset" 414
"D:/Unreal Projects/RPG/Content/Effects/FX_Textures/Fire/T_Fire_subUV_6X6_M.uasset" 415
"D:/Unreal Projects/RPG/Content/Effects/FX_Materials/Fire/MI_Fire_01_Add_6X6.uasset" 416
"D:/Unreal Projects/RPG/Content/Effects/FX_Particle/P_Env_Fire_PP_01.uasset" 417
"D:/Unreal Projects/RPG/Content/Effects/FX_Particle/P_Env_Fire_Grate_01.uasset" 418
"D:/Unreal Projects/RPG/Content/Weapons/Enemy_Gruntling_Weapons/Meshes/SM_Gruntling_Torch_Internal.uasset" 419
"D:/Unreal Projects/RPG/Content/Blueprints/Weapon/Goblin/GoblinWeapon_Torch.uasset" 420
"D:/Unreal Projects/RPG/Content/Assets/Sounds/Abilities/A_Ability_FireBallCast02.uasset" 421
"D:/Unreal Projects/RPG/Content/Assets/Sounds/Abilities/A_Ability_FireBallCast01.uasset" 422
"D:/Unreal Projects/RPG/Content/Assets/Sounds/Abilities/A_Ability_FireballCast_Cue.uasset" 423
"D:/Unreal Projects/RPG/Content/Blueprints/NPC/NPC_Goblin_Level_03.uasset" 424
"D:/Unreal Projects/RPG/Content/Blueprints/AI/GruntAI/AIC_NPC_Range.uasset" 425
"D:/Unreal Projects/RPG/Content/Weapons/Enemy_Gruntling_Weapons/Meshes/SM_Gruntling_Weapon02_Internal.uasset" 426
"D:/Unreal Projects/RPG/Content/Blueprints/Weapon/Goblin/GoblinWeapon_Axe.uasset" 427
"D:/Unreal Projects/RPG/Content/Abilities/Shared/BP_AbilityProjectileBase.uasset" 428
"D:/Unreal Projects/RPG/Content/Abilities/Shared/GA_SpawnProjectileBase.uasset" 429
"D:/Unreal Projects/RPG/Content/Abilities/Player/Skills/GE_PlayerSkillFireball.uasset" 430
"D:/Unreal Projects/RPG/Content/Effects/FX_Particle/P_Spit.uasset" 431
"D:/Unreal Projects/RPG/Content/Effects/Masters/M_Add_Trail_2Sided_Pan_Master.uasset" 432
"D:/Unreal Projects/RPG/Content/Effects/FX_Materials/Fire/MI_Fire_Sheet_01.uasset" 433
"D:/Unreal Projects/RPG/Content/Effects/FX_Meshes/Fire/SM_FireBall.uasset" 434
"D:/Unreal Projects/RPG/Content/Effects/FX_Mobile/Fire/combat/P_SlimeBall.uasset" 435
"D:/Unreal Projects/RPG/Content/Assets/Sounds/Abilities/A_Ability_MeteorWhoosh_01.uasset" 436
"D:/Unreal Projects/RPG/Content/Assets/Sounds/Abilities/A_Ability_MeteorWhoosh_Cue.uasset" 437
"D:/Unreal Projects/RPG/Content/Abilities/Player/Skills/BP_SlimeBall.uasset" 438
"D:/Unreal Projects/RPG/Content/Abilities/Enemies/Goblin/GE_GoblinRange.uasset" 439
"D:/Unreal Projects/RPG/Content/Assets/Sounds/Creatures/Guardian/A_Guardian_Roar02.uasset" 440
"D:/Unreal Projects/RPG/Content/Assets/Sounds/Creatures/Guardian/A_Guardian_Roar_02_Cue.uasset" 441
"D:/Unreal Projects/RPG/Content/Enemy/Enemy_Gruntling_Guardian/Enemy_Gruntling_Guardian_Animation/Cast.uasset" 442
"D:/Unreal Projects/RPG/Content/Animations/NPC/AM_Guardian_Attack02.uasset" 443
"D:/Unreal Projects/RPG/Content/Abilities/Enemies/Goblin/GA_GoblinRange01.uasset" 444
"D:/Unreal Projects/RPG/Content/Blueprints/NPC/NPC_Goblin_Level_02.uasset" 445
"D:/Unreal Projects/RPG/Content/Blueprints/AI/BTTask_UseAbility.uasset" 446
"D:/Unreal Projects/RPG/Content/Blueprints/AI/BTDec_ConeCheck.uasset" 447
"D:/Unreal Projects/RPG/Content/Blueprints/AI/BossAI/BT_Boss.uasset" 448
"D:/Unreal Projects/RPG/Content/Blueprints/AI/BossAI/AIC_Boss.uasset" 449
"D:/Unreal Projects/RPG/Content/Enemy/Enemy_Great_Spider/Textures/T_Enemy_GreaterSpider_Fire_N.uasset" 450
"D:/Unreal Projects/RPG/Content/Enemy/Enemy_Great_Spider/Textures/T_Enemy_GreaterSpider_Fire_M.uasset" 451
"D:/Unreal Projects/RPG/Content/Enemy/Enemy_Great_Spider/Textures/T_Enemy_GreaterSpider_Fire_D.uasset" 452
"D:/Unreal Projects/RPG/Content/Enemy/Enemy_Great_Spider/Materials/CharM_Greater_Spider.uasset" 453
"D:/Unreal Projects/RPG/Content/Enemy/Enemy_Great_Spider/SK_Greater_Spider_Skeleton.uasset" 454
"D:/Unreal Projects/RPG/Content/Enemy/Enemy_Great_Spider/SK_Greater_Spider.uasset" 455
"D:/Unreal Projects/RPG/Content/Blueprints/Weapon/Spider/BP_WeaponSpider.uasset" 456
"D:/Unreal Projects/RPG/Content/Assets/Sounds/Creatures/Spider/A_Spider_WalkLoop02.uasset" 457
"D:/Unreal Projects/RPG/Content/Assets/Sounds/Concurrency/Spider_Walk_Loop.uasset" 458
"D:/Unreal Projects/RPG/Content/Assets/Sounds/Creatures/Spider/A_Spider_WalkLoop_Cue.uasset" 459
"D:/Unreal Projects/RPG/Content/Assets/Sounds/Creatures/Spider/A_Spider_LegLrg04.uasset" 460
"D:/Unreal Projects/RPG/Content/Assets/Sounds/Creatures/Spider/A_Spider_LegLrg03.uasset" 461
"D:/Unreal Projects/RPG/Content/Assets/Sounds/Creatures/Spider/A_Spider_LegLrg02.uasset" 462
"D:/Unreal Projects/RPG/Content/Assets/Sounds/Creatures/Spider/A_Spider_LegLrg01.uasset" 463
"D:/Unreal Projects/RPG/Content/Assets/Sounds/Creatures/Spider/A_Spider_LegLrg_Cue.uasset" 464
"D:/Unreal Projects/RPG/Content/Enemy/Enemy_Great_Spider/Enemy_SpiderGreater_Animation/ExoGame_Greater_Spider_Walk_Right.uasset" 465
"D:/Unreal Projects/RPG/Content/Enemy/Enemy_Great_Spider/Enemy_SpiderGreater_Animation/ExoGame_Greater_Spider_Walk_Left.uasset" 466
"D:/Unreal Projects/RPG/Content/Enemy/Enemy_Great_Spider/Enemy_SpiderGreater_Animation/ExoGame_Greater_Spider_Walk_Fwd.uasset" 467
"D:/Unreal Projects/RPG/Content/Enemy/Enemy_Great_Spider/Enemy_SpiderGreater_Animation/ExoGame_Greater_Spider_Idle.uasset" 468
"D:/Unreal Projects/RPG/Content/Blueprints/Boss/BS_SpiderBoss.uasset" 469
"D:/Unreal Projects/RPG/Content/Assets/Sounds/Creatures/Spider/A_Spider_Stun01.uasset" 470
"D:/Unreal Projects/RPG/Content/Assets/Sounds/Creatures/Spider/A_Spider_Stun_Cue.uasset" 471
"D:/Unreal Projects/RPG/Content/Enemy/Enemy_Great_Spider/Enemy_SpiderGreater_Animation/ExoGame_Greater_Spider_React_Stunned_Idle.uasset" 472
"D:/Unreal Projects/RPG/Content/Assets/Sounds/Creatures/Spider/A_Spider_React03.uasset" 473
"D:/Unreal Projects/RPG/Content/Assets/Sounds/Creatures/Spider/A_Spider_React02.uasset" 474
"D:/Unreal Projects/RPG/Content/Assets/Sounds/Creatures/Spider/A_Spider_React01.uasset" 475
"D:/Unreal Projects/RPG/Content/Assets/Sounds/Creatures/Spider/A_Spider_React_Cue.uasset" 476
"D:/Unreal Projects/RPG/Content/Enemy/Enemy_Great_Spider/Enemy_SpiderGreater_Animation/ExoGame_Greater_Spider_React_Stunned_Exit.uasset" 477
"D:/Unreal Projects/RPG/Content/Enemy/Enemy_Great_Spider/Enemy_SpiderGreater_Animation/ExoGame_Greater_Spider_React_Stunned_Enter.uasset" 478
"D:/Unreal Projects/RPG/Content/Assets/Sounds/Creatures/Spider/A_Spider_Death01.uasset" 479
"D:/Unreal Projects/RPG/Content/Assets/Sounds/Creatures/Spider/A_Spider_Death_Cue.uasset" 480
"D:/Unreal Projects/RPG/Content/Enemy/Enemy_Great_Spider/Enemy_SpiderGreater_Animation/ExoGame_Greater_Spider_Death.uasset" 481
"D:/Unreal Projects/RPG/Content/Effects/FX_Textures/Damage/T_Rocks_3_3_D.uasset" 482
"D:/Unreal Projects/RPG/Content/Effects/Masters/M_Trans_Sprite_Lit_SubUV_Master.uasset" 483
"D:/Unreal Projects/RPG/Content/Effects/FX_Materials/Damage/MI_RockDebris_Trans.uasset" 484
"D:/Unreal Projects/RPG/Content/Effects/FX_Textures/Damage/T_cracks_03_M.uasset" 485
"D:/Unreal Projects/RPG/Content/Effects/FX_Textures/Damage/T_cracks_01_N.uasset" 486
"../../../Engine/Content/EngineMaterials/FlatNormal.uasset" 487
"D:/Unreal Projects/RPG/Content/Effects/Masters/M_Trans_Sprite_Master_Surface.uasset" 488
"D:/Unreal Projects/RPG/Content/Effects/FX_Materials/Damage/MI_CrackedGround_01.uasset" 489
"D:/Unreal Projects/RPG/Content/Effects/FX_Skill_Leap/P_Skill_Leap_Base_Velocity_Impact.uasset" 490
"D:/Unreal Projects/RPG/Content/Assets/Sounds/Creatures/Spider/A_Spider_Spawn01.uasset" 491
"D:/Unreal Projects/RPG/Content/Assets/Sounds/Creatures/Spider/A_Spider_Spawn_Cue.uasset" 492
"D:/Unreal Projects/RPG/Content/Assets/Sounds/Creatures/Spider/A_Spider_Land01.uasset" 493
"D:/Unreal Projects/RPG/Content/Assets/Sounds/Creatures/Spider/A_Spider_Land_Cue.uasset" 494
"D:/Unreal Projects/RPG/Content/Enemy/Enemy_Great_Spider/Enemy_SpiderGreater_Animation/ExoGame_Greater_Spider_Teleport.uasset" 495
"D:/Unreal Projects/RPG/Content/Animations/Boss/AM_Spider_Spawn.uasset" 496
"D:/Unreal Projects/RPG/Content/Blueprints/Boss/ABP_SpiderBoss.uasset" 497
"D:/Unreal Projects/RPG/Content/Enemy/Enemy_Great_Spider/Enemy_SpiderGreater_Animation/ExoGame_Greater_Spider_React_Stunned.uasset" 498
"D:/Unreal Projects/RPG/Content/Enemy/Enemy_Great_Spider/Enemy_SpiderGreater_Animation/ExoGame_Greater_Spider_React_Heavy_Front.uasset" 499
"D:/Unreal Projects/RPG/Content/Animations/Boss/AM_Spider_Hit.uasset" 500
"D:/Unreal Projects/RPG/Content/Abilities/Shared/GA_SkillBase.uasset" 501
"D:/Unreal Projects/RPG/Content/Abilities/Enemies/Spider/TargetType_Firewall.uasset" 502
"D:/Unreal Projects/RPG/Content/Abilities/Enemies/Spider/GE_FirewaveDamage.uasset" 503
"D:/Unreal Projects/RPG/Content/Effects/FX_Ambient/Fire/P_Fire_TrapBossEnd_mobile.uasset" 504
"D:/Unreal Projects/RPG/Content/Assets/Sounds/Creatures/Spider/A_Spider_Roar01.uasset" 505
"D:/Unreal Projects/RPG/Content/Assets/Sounds/Creatures/Spider/A_Spider_Roar_Cue.uasset" 506
"D:/Unreal Projects/RPG/Content/Enemy/Enemy_Great_Spider/Enemy_SpiderGreater_Animation/ExoGame_Greater_Spider_Cast_Roar.uasset" 507
"D:/Unreal Projects/RPG/Content/Animations/Boss/AM_Spider_Firewall.uasset" 508
"D:/Unreal Projects/RPG/Content/Abilities/Enemies/Spider/GA_SpiderFirewall.uasset" 509
"D:/Unreal Projects/RPG/Content/Abilities/Enemies/Spider/GE_SpiderCharge.uasset" 510
"D:/Unreal Projects/RPG/Content/Effects/FX_Particle/P_Impact01.uasset" 511
"D:/Unreal Projects/RPG/Content/Assets/Sounds/Creatures/Spider/A_Spider_Charge01.uasset" 512
"D:/Unreal Projects/RPG/Content/Assets/Sounds/Creatures/Spider/A_Spider_Charge_Cue.uasset" 513
"D:/Unreal Projects/RPG/Content/Enemy/Enemy_Great_Spider/Enemy_SpiderGreater_Animation/ExoGame_Greater_Spider_Charge_Root.uasset" 514
"D:/Unreal Projects/RPG/Content/Animations/Boss/AM_Spider_Charge.uasset" 515
"D:/Unreal Projects/RPG/Content/Abilities/Enemies/Spider/GA_SpiderCharge.uasset" 516
"D:/Unreal Projects/RPG/Content/Abilities/Enemies/Spider/GE_SpiderStats.uasset" 517
"D:/Unreal Projects/RPG/Content/Assets/Sounds/Creatures/Spider/A_Spider_Attack03.uasset" 518
"D:/Unreal Projects/RPG/Content/Assets/Sounds/Creatures/Spider/A_Spider_Attack02.uasset" 519
"D:/Unreal Projects/RPG/Content/Assets/Sounds/Creatures/Spider/A_Spider_Attack01.uasset" 520
"D:/Unreal Projects/RPG/Content/Assets/Sounds/Creatures/Spider/A_Spider_Attack_Cue.uasset" 521
"D:/Unreal Projects/RPG/Content/Assets/Sounds/Creatures/Spider/A_Spider_Attack04.uasset" 522
"D:/Unreal Projects/RPG/Content/Assets/Sounds/Creatures/Spider/A_Spider_AttackVocal_Cue.uasset" 523
"D:/Unreal Projects/RPG/Content/Enemy/Enemy_Great_Spider/Enemy_SpiderGreater_Animation/ExoGame_Greater_Spider_Attack_Melee_C.uasset" 524
"D:/Unreal Projects/RPG/Content/Enemy/Enemy_Great_Spider/Enemy_SpiderGreater_Animation/ExoGame_Greater_Spider_Attack_Melee_B.uasset" 525
"D:/Unreal Projects/RPG/Content/Enemy/Enemy_Great_Spider/Enemy_SpiderGreater_Animation/ExoGame_Greater_Spider_Attack_Melee.uasset" 526
"D:/Unreal Projects/RPG/Content/Animations/Boss/AM_Spider_Melee.uasset" 527
"D:/Unreal Projects/RPG/Content/Abilities/Enemies/Spider/GA_SpiderMelee.uasset" 528
"D:/Unreal Projects/RPG/Content/Blueprints/Boss/NPC_SpiderBoss.uasset" 529
"D:/Unreal Projects/RPG/Content/Blueprints/Progression/WavesProgression.uasset" 530
"D:/Unreal Projects/RPG/Content/Blueprints/BP_SpectatorPawn.uasset" 531
"D:/Unreal Projects/RPG/Content/Assets/Sounds/Music/Stingers/A_Music_Stinger02_Cue.uasset" 532
"D:/Unreal Projects/RPG/Content/Blueprints/WidgetBP/WB_WaveEnd.uasset" 533
"D:/Unreal Projects/RPG/Content/Blueprints/BP_GameState.uasset" 534
"D:/Unreal Projects/RPG/Content/Blueprints/AI/BTTask_UseItem.uasset" 535
"D:/Unreal Projects/RPG/Content/Blueprints/AI/BTTask_StopAttack.uasset" 536
"D:/Unreal Projects/RPG/Content/Blueprints/AI/BTTask_StopAndRotate.uasset" 537
"D:/Unreal Projects/RPG/Content/Blueprints/AI/BTTask_IsTargetSurrounded.uasset" 538
"D:/Unreal Projects/RPG/Content/Blueprints/AI/BTTask_IsPlayingHighPriorityMontage.uasset" 539
"D:/Unreal Projects/RPG/Content/Blueprints/AI/BTTask_AttackSkill.uasset" 540
"D:/Unreal Projects/RPG/Content/Blueprints/AI/BTDec_CheckItem.uasset" 541
"D:/Unreal Projects/RPG/Content/Blueprints/AI/BTDec_CheckHealth.uasset" 542
"D:/Unreal Projects/RPG/Content/UI/Texture/T_UI_Skill_Combust01.uasset" 543
"D:/Unreal Projects/RPG/Content/Abilities/Player/Skills/TargetType_Meteor.uasset" 544
"D:/Unreal Projects/RPG/Content/Abilities/Player/Skills/GE_PlayerSkillMeteor.uasset" 545
"D:/Unreal Projects/RPG/Content/Assets/Sounds/Character/A_Character_Powerup01.uasset" 546
"D:/Unreal Projects/RPG/Content/Assets/Sounds/Character/A_Character_Powerup_Cue.uasset" 547
"D:/Unreal Projects/RPG/Content/Characters/Animations/Sword_Male_Anim_Level_Up_Transition.uasset" 548
"D:/Unreal Projects/RPG/Content/Characters/Animations/AM_Skill_Combust.uasset" 549
"D:/Unreal Projects/RPG/Content/Abilities/Player/Skills/GA_PlayerSkillMeteor.uasset" 550
"D:/Unreal Projects/RPG/Content/Items/Skills/Skill_Combust.uasset" 551
"D:/Unreal Projects/RPG/Content/Blueprints/AI/PlayerAI/BT_Player.uasset" 552
"D:/Unreal Projects/RPG/Content/Blueprints/AI/PlayerAI/AIC_Player.uasset" 553
"D:/Unreal Projects/RPG/Content/Assets/Sounds/Music/Dungeons_EndBossBattle.uasset" 554
"D:/Unreal Projects/RPG/Content/Blueprints/BP_GameMode.uasset" 555
"D:/Unreal Projects/RPG/Content/Characters/PA_Mannequin_Physics.uasset" 556
"D:/Unreal Projects/RPG/Content/Characters/Barbarous/Texture_Materials/T_CharM_Barbarous_N.uasset" 557
"D:/Unreal Projects/RPG/Content/Characters/Barbarous/Texture_Materials/T_CharM_Barbarous_MetalMask.uasset" 558
"D:/Unreal Projects/RPG/Content/Characters/Barbarous/Texture_Materials/T_CharM_Barbarous_D.uasset" 559
"D:/Unreal Projects/RPG/Content/Characters/Barbarous/Texture_Materials/M_Char_Barbrous.uasset" 560
"D:/Unreal Projects/RPG/Content/Characters/Barbarous/SK_CharM_Barbarous.uasset" 561
"D:/Unreal Projects/RPG/Content/Effects/FX_Particle/P_Skill_03.uasset" 562
"D:/Unreal Projects/RPG/Content/Effects/Textures/T_Smoke_Tiled_D.uasset" 563
"D:/Unreal Projects/RPG/Content/Effects/Textures/T_Smoke_SubUV_M.uasset" 564
"D:/Unreal Projects/RPG/Content/Effects/FX_Materials/M_smoke_subUV.uasset" 565
"D:/Unreal Projects/RPG/Content/Effects/FX_Particle/P_Goblin_Death.uasset" 566
"D:/Unreal Projects/RPG/Content/Characters/Animations/Dodge_Small_Forward_Roll.uasset" 567
"D:/Unreal Projects/RPG/Content/Characters/Animations/AM_Rolling.uasset" 568
"D:/Unreal Projects/RPG/Content/Assets/Sounds/Character/A_Character_Hit03.uasset" 569
"D:/Unreal Projects/RPG/Content/Assets/Sounds/Character/A_Character_Hit02.uasset" 570
"D:/Unreal Projects/RPG/Content/Assets/Sounds/Character/A_Character_Hit01.uasset" 571
"D:/Unreal Projects/RPG/Content/Assets/Sounds/Character/A_Character_Hit_Cue.uasset" 572
"D:/Unreal Projects/RPG/Content/Characters/Animations/Character_HitReact_Right.uasset" 573
"D:/Unreal Projects/RPG/Content/Characters/Animations/Character_HitReact_Left.uasset" 574
"D:/Unreal Projects/RPG/Content/Characters/Animations/AM_React_Hit.uasset" 575
"D:/Unreal Projects/RPG/Content/Characters/SK_Mannequin_Skeleton_CtrlRig.uasset" 576
"D:/Unreal Projects/RPG/Content/Assets/Sounds/Character/A_Character_Step_Cue.uasset" 577
"D:/Unreal Projects/RPG/Content/Characters/Animations/Sword_Walk_Foward.uasset" 578
"D:/Unreal Projects/RPG/Content/Characters/Animations/Sword_Run_Forward.uasset" 579
"D:/Unreal Projects/RPG/Content/Characters/Animations/Dodge_Sprint_Blunt.uasset" 580
"D:/Unreal Projects/RPG/Content/Characters/Animations/Anim_Sword_Idle.uasset" 581
"D:/Unreal Projects/RPG/Content/Characters/BS_Sword_Idle_Run.uasset" 582
"../../../Engine/Content/Animation/DefaultAnimCurveCompressionSettings.uasset" 583
"../../../Engine/Content/Animation/DefaultAnimBoneCompressionSettings.uasset" 584
"D:/Unreal Projects/RPG/Content/Characters/Animations/ThirdPersonJump_Start.uasset" 585
"D:/Unreal Projects/RPG/Content/Characters/Animations/ThirdPersonJump_Loop.uasset" 586
"D:/Unreal Projects/RPG/Content/Characters/Animations/ThirdPerson_Jump.uasset" 587
"D:/Unreal Projects/RPG/Content/Assets/Sounds/Character/A_Character_Expire03.uasset" 588
"D:/Unreal Projects/RPG/Content/Assets/Sounds/Character/A_Character_Expire02.uasset" 589
"D:/Unreal Projects/RPG/Content/Assets/Sounds/Character/A_Character_Expire01.uasset" 590
"D:/Unreal Projects/RPG/Content/Assets/Sounds/Character/A_Character_Expire_Cue.uasset" 591
"D:/Unreal Projects/RPG/Content/Assets/Sounds/Character/A_Character_Collapse01.uasset" 592
"D:/Unreal Projects/RPG/Content/Assets/Sounds/Character/A_Character_Collapse_Cue.uasset" 593
"D:/Unreal Projects/RPG/Content/Characters/Animations/Death_Front.uasset" 594
"D:/Unreal Projects/RPG/Content/Characters/ABP_Player.uasset" 595
"D:/Unreal Projects/RPG/Content/Abilities/Shared/GE_GodMode.uasset" 596
"D:/Unreal Projects/RPG/Content/Abilities/Player/GE_PlayerStats.uasset" 597
"D:/Unreal Projects/RPG/Content/Blueprints/BP_PlayerCharacter.uasset" 598
"D:/Unreal Projects/RPG/Content/Blueprints/BP_RPGFunctionLibrary.uasset" 599
"D:/Unreal Projects/RPG/Content/Blueprints/AnimNotifies/SlomoNS.uasset" 600
"D:/Unreal Projects/RPG/Content/Characters/Animations/AM_Skill_Fireball.uasset" 601
"D:/Unreal Projects/RPG/Content/Assets/Sounds/Ambient/A_Ambient_Fire_Attenuation.uasset" 602
"D:/Unreal Projects/RPG/Content/Assets/Sounds/Ambient/A_Ambient_Fire01.uasset" 603
"D:/Unreal Projects/RPG/Content/Assets/Sounds/Ambient/A_Ambient_Fire01_Cue.uasset" 604
"D:/Unreal Projects/RPG/Content/Effects/FX_Materials/M_radial_ramp.uasset" 605
"D:/Unreal Projects/RPG/Content/Effects/Textures/T_Explosion_SubUV.uasset" 606
"D:/Unreal Projects/RPG/Content/Effects/FX_Materials/M_explosion_subUV.uasset" 607
"D:/Unreal Projects/RPG/Content/Effects/Textures/T_Burst_M.uasset" 608
"D:/Unreal Projects/RPG/Content/Effects/FX_Materials/M_Burst.uasset" 609
"D:/Unreal Projects/RPG/Content/Effects/FX_Mobile/P_Bomb.uasset" 610
"D:/Unreal Projects/RPG/Content/Effects/FX_Textures/Gradient/T_SoftFallOff_M.uasset" 611
"D:/Unreal Projects/RPG/Content/Effects/FX_Materials/Gradient/MI_Flare_03.uasset" 612
"D:/Unreal Projects/RPG/Content/Effects/FX_Mobile/Fire/combat/P_FireBall_Strong.uasset" 613
"D:/Unreal Projects/RPG/Content/Abilities/Player/Skills/BP_Fireball.uasset" 614
"D:/Unreal Projects/RPG/Content/Abilities/Player/Skills/GA_PlayerSkillFireball.uasset" 615
"D:/Unreal Projects/RPG/Content/Items/Skills/Skill_FireBall.uasset" 616
"D:/Unreal Projects/RPG/Content/UI/Texture/T_UI_Skill_Firewave.uasset" 617
"D:/Unreal Projects/RPG/Content/Abilities/Player/Skills/TargetType_FireWave.uasset" 618
"D:/Unreal Projects/RPG/Content/Abilities/Player/Skills/GE_PlayerSkillFireWave.uasset" 619
"D:/Unreal Projects/RPG/Content/Effects/Textures/T_Fire_SubUV_M.uasset" 620
"D:/Unreal Projects/RPG/Content/Effects/FX_Materials/M_Fire_SubUV.uasset" 621
"D:/Unreal Projects/RPG/Content/Effects/FX_Mobile/P_Fire.uasset" 622
"D:/Unreal Projects/RPG/Content/Characters/Animations/Anim_Blunt_Gound_Pound_C.uasset" 623
"D:/Unreal Projects/RPG/Content/Blueprints/CameraShake/camera_shake_Skill.uasset" 624
"D:/Unreal Projects/RPG/Content/Assets/Sounds/Abilities/A_Ability_FireWavePowerup_02.uasset" 625
"D:/Unreal Projects/RPG/Content/Assets/Sounds/Abilities/A_Ability_FireWavePowerup_01.uasset" 626
"D:/Unreal Projects/RPG/Content/Assets/Sounds/Abilities/A_Ability_FireWavePowerup_Cue.uasset" 627
"D:/Unreal Projects/RPG/Content/Assets/Sounds/Abilities/A_Ability_FireWaveCast01.uasset" 628
"D:/Unreal Projects/RPG/Content/Assets/Sounds/Abilities/A_Ability_FireWaveCast_Cue.uasset" 629
"D:/Unreal Projects/RPG/Content/Characters/Animations/AM_Skill_Firewave.uasset" 630
"D:/Unreal Projects/RPG/Content/Abilities/Player/Skills/GA_PlayerSkillFireWave.uasset" 631
"D:/Unreal Projects/RPG/Content/Items/Skills/Skill_FireWave.uasset" 632
"D:/Unreal Projects/RPG/Content/UI/Texture/T_UI_Skill_MeteorStorm.uasset" 633
"D:/Unreal Projects/RPG/Content/Abilities/Player/Skills/TargetType_MeteorStorm.uasset" 634
"D:/Unreal Projects/RPG/Content/Abilities/Player/Skills/GE_PlayerSkillMeteorStorm.uasset" 635
"D:/Unreal Projects/RPG/Content/Effects/FX_Textures/Texture/T_FireBall_01B_8_8_D.uasset" 636
"D:/Unreal Projects/RPG/Content/Effects/FX_Mobile/Fire/MI_Fireball_01_8X8.uasset" 637
"D:/Unreal Projects/RPG/Content/Effects/FX_Meshes/Skills/rock/SM_RockComet.uasset" 638
"D:/Unreal Projects/RPG/Content/Effects/FX_Textures/Spark/T_Sparks_03_SubUV_1_4_D.uasset" 639
"D:/Unreal Projects/RPG/Content/Effects/FX_Materials/Spark/MI_Spark_03_1_4.uasset" 640
"D:/Unreal Projects/RPG/Content/Environment/Textures/Natures/T_JaggedRock_01_D.uasset" 641
"D:/Unreal Projects/RPG/Content/Effects/Masters/M_Opaque_MeshEmit_Lit_Emis_Master.uasset" 642
"D:/Unreal Projects/RPG/Content/Effects/FX_Materials/Env/MI_Jagged_Rock_01_Lit.uasset" 643
"D:/Unreal Projects/RPG/Content/Environment/Textures/Natures/T_JaggedRock_D.uasset" 644
"D:/Unreal Projects/RPG/Content/Effects/Masters/M_Trans_MeshEmit_Master.uasset" 645
"D:/Unreal Projects/RPG/Content/Effects/FX_Materials/Env/MI_Jagged_rock_01.uasset" 646
"D:/Unreal Projects/RPG/Content/Effects/FX_Mobile/Fire/combat/P_DmgField_Fire_Activate_01_Loop.uasset" 647
"D:/Unreal Projects/RPG/Content/Effects/FX_Ability/P_Ability_MeteorStormFX01.uasset" 648
"D:/Unreal Projects/RPG/Content/Characters/Animations/Sword_Cheer.uasset" 649
"D:/Unreal Projects/RPG/Content/Assets/Sounds/Abilities/A_Ability_MeteorCast01.uasset" 650
"D:/Unreal Projects/RPG/Content/Characters/Animations/AM_Skill_Meteor.uasset" 651
"D:/Unreal Projects/RPG/Content/Abilities/Player/Skills/GA_PlayerSkillMeteorStorm.uasset" 652
"D:/Unreal Projects/RPG/Content/Items/Skills/Skill_Meteor_2.uasset" 653
"D:/Unreal Projects/RPG/Content/UI/Texture/T_UI_Weapon_Hatchet01.uasset" 654
"D:/Unreal Projects/RPG/Content/Weapons/Blade_Hatchet02/SK_Blade_Hatchet02_Skeleton.uasset" 655
"D:/Unreal Projects/RPG/Content/Weapons/Blade_Hatchet02/T_Blade_Hatchet022_N.uasset" 656
"D:/Unreal Projects/RPG/Content/Weapons/Blade_Hatchet02/T_Blade_Hatchet022_M.uasset" 657
"D:/Unreal Projects/RPG/Content/Weapons/Blade_Hatchet02/T_Blade_Hatchet022_D.uasset" 658
"D:/Unreal Projects/RPG/Content/Weapons/Blade_Hatchet02/T_Blade_Hatchet021_N.uasset" 659
"D:/Unreal Projects/RPG/Content/Weapons/Blade_Hatchet02/T_Blade_Hatchet021_M.uasset" 660
"D:/Unreal Projects/RPG/Content/Weapons/Blade_Hatchet02/T_Blade_Hatchet021_D.uasset" 661
"D:/Unreal Projects/RPG/Content/Weapons/Blade_Hatchet02/M_Blade_Hatchet02.uasset" 662
"D:/Unreal Projects/RPG/Content/Weapons/Blade_Hatchet02/SK_Blade_Hatchet02.uasset" 663
"D:/Unreal Projects/RPG/Content/Blueprints/Weapon/GreateBladeActor.uasset" 664
"D:/Unreal Projects/RPG/Content/Abilities/Player/Axe/TargetType_GroundPound.uasset" 665
"D:/Unreal Projects/RPG/Content/Abilities/Player/Axe/TargetType_BurstPound.uasset" 666
"D:/Unreal Projects/RPG/Content/Abilities/Player/Axe/GE_PlayerAxeMelee.uasset" 667
"D:/Unreal Projects/RPG/Content/Abilities/Player/Axe/GE_PlayerAxeGroundPound.uasset" 668
"D:/Unreal Projects/RPG/Content/Abilities/Player/Axe/GE_PlayerAxeBurstPound.uasset" 669
"D:/Unreal Projects/RPG/Content/Effects/FX_Materials/M_Axe_Trail.uasset" 670
"D:/Unreal Projects/RPG/Content/Effects/FX_Particle/P_Axe_Trail.uasset" 671
"D:/Unreal Projects/RPG/Content/Characters/Animations/Male_Anim_Axe_Combat_Swing.uasset" 672
"D:/Unreal Projects/RPG/Content/Characters/Animations/Axe_Swing_Near_Lt.uasset" 673
"D:/Unreal Projects/RPG/Content/Characters/Animations/Axe_Male_Anim_Sword_Combat_Swing.uasset" 674
"D:/Unreal Projects/RPG/Content/Characters/Animations/Anim_Blunt_Gound_Pound.uasset" 675
"D:/Unreal Projects/RPG/Content/Characters/Animations/AM_Attack_Axe.uasset" 676
"D:/Unreal Projects/RPG/Content/Abilities/Player/Axe/GA_PlayerAxeMelee.uasset" 677
"D:/Unreal Projects/RPG/Content/Items/Weapons/Weapon_Axe.uasset" 678
"D:/Unreal Projects/RPG/Content/UI/Texture/T_UI_Weapon_Axe.uasset" 679
"D:/Unreal Projects/RPG/Content/Weapons/Blade_GreatBlade/SK_Blade_GreatBlade_Skeleton.uasset" 680
"D:/Unreal Projects/RPG/Content/Weapons/Blade_GreatBlade/T_Blade_GreatBlade2_N.uasset" 681
"D:/Unreal Projects/RPG/Content/Weapons/Blade_GreatBlade/T_Blade_GreatBlade2_M.uasset" 682
"D:/Unreal Projects/RPG/Content/Weapons/Blade_GreatBlade/T_Blade_GreatBlade2_D.uasset" 683
"D:/Unreal Projects/RPG/Content/Weapons/Blade_GreatBlade/T_Blade_GreatBlade1_N.uasset" 684
"D:/Unreal Projects/RPG/Content/Weapons/Blade_GreatBlade/T_Blade_GreatBlade1_M.uasset" 685
"D:/Unreal Projects/RPG/Content/Weapons/Blade_GreatBlade/T_Blade_GreatBlade1_D.uasset" 686
"D:/Unreal Projects/RPG/Content/Weapons/Blade_GreatBlade/M_Blade_GreatBlade.uasset" 687
"D:/Unreal Projects/RPG/Content/Weapons/Blade_GreatBlade/SK_Blade_GreatBlade.uasset" 688
"D:/Unreal Projects/RPG/Content/Weapons/Blade_GreatBlade/M_Blade_FireAxe.uasset" 689
"D:/Unreal Projects/RPG/Content/Blueprints/Weapon/FireAxeActor.uasset" 690
"D:/Unreal Projects/RPG/Content/Items/Weapons/Weapon_Axe_2.uasset" 691
"D:/Unreal Projects/RPG/Content/UI/Texture/T_UI_Weapon_Hammer_0.uasset" 692
"D:/Unreal Projects/RPG/Content/Blueprints/Weapon/BP_Weapon_Hammer_1.uasset" 693
"D:/Unreal Projects/RPG/Content/Abilities/Player/Hammer/TargetType_HAmmerGroundPound.uasset" 694
"D:/Unreal Projects/RPG/Content/Abilities/Player/Hammer/TargetType_HammerBurstPound.uasset" 695
"D:/Unreal Projects/RPG/Content/Abilities/DataTables/AttackDamage_Hammer.uasset" 696
"D:/Unreal Projects/RPG/Content/Abilities/Player/Hammer/GE_PlayerHammerMelee.uasset" 697
"D:/Unreal Projects/RPG/Content/Abilities/Player/Hammer/GE_PlayerHammerGroundPound.uasset" 698
"D:/Unreal Projects/RPG/Content/Abilities/Player/Hammer/GE_PlayerHammerBurstPound.uasset" 699
"D:/Unreal Projects/RPG/Content/Characters/Animations/AM_Attack_Hammer.uasset" 700
"D:/Unreal Projects/RPG/Content/Abilities/Player/Hammer/GA_PlayerHammerMelee.uasset" 701
"D:/Unreal Projects/RPG/Content/Items/Weapons/Weapon_Hammer_1.uasset" 702
"D:/Unreal Projects/RPG/Content/Weapons/Weapon_ForgingHammers/SK_Forging_Mallet_03_Skeleton.uasset" 703
"D:/Unreal Projects/RPG/Content/Weapons/Weapon_ForgingHammers/T_Forging_Mallet_02and3_N.uasset" 704
"D:/Unreal Projects/RPG/Content/Weapons/Weapon_ForgingHammers/T_Forging_Mallet_02and3_D.uasset" 705
"D:/Unreal Projects/RPG/Content/Weapons/Weapon_ForgingHammers/T_Forging_Mallet_02_M.uasset" 706
"D:/Unreal Projects/RPG/Content/Weapons/Weapon_ForgingHammers/M_Forging_Mallet_02and3_D_Mat.uasset" 707
"D:/Unreal Projects/RPG/Content/Weapons/Weapon_ForgingHammers/SK_Forging_Mallet_02.uasset" 708
"D:/Unreal Projects/RPG/Content/Blueprints/Weapon/BP_Weapon_Hammer_3.uasset" 709
"D:/Unreal Projects/RPG/Content/Items/Weapons/Weapon_Hammer_3.uasset" 710
"D:/Unreal Projects/RPG/Content/Weapons/Blade_Talon/SK_Blade_Talon_Skeleton.uasset" 711
"D:/Unreal Projects/RPG/Content/Weapons/Blade_Talon/T_Blade_Talon2_N.uasset" 712
"D:/Unreal Projects/RPG/Content/Weapons/Blade_Talon/T_Blade_Talon2_M.uasset" 713
"D:/Unreal Projects/RPG/Content/Weapons/Blade_Talon/T_Blade_Talon2_D.uasset" 714
"D:/Unreal Projects/RPG/Content/Weapons/Blade_Talon/T_Blade_Talon1_N.uasset" 715
"D:/Unreal Projects/RPG/Content/Weapons/Blade_Talon/T_Blade_Talon1_D.uasset" 716
"D:/Unreal Projects/RPG/Content/Weapons/Blade_Talon/M_Blade_Talon.uasset" 717
"D:/Unreal Projects/RPG/Content/Weapons/Blade_Talon/SK_Blade_Talon.uasset" 718
"D:/Unreal Projects/RPG/Content/Blueprints/Weapon/BP_Weapon_Sword_Talon.uasset" 719
"D:/Unreal Projects/RPG/Content/Abilities/Player/Sword/GE_PlayerSwordMelee.uasset" 720
"D:/Unreal Projects/RPG/Content/Abilities/Player/Sword/GA_PlayerSwordMelee.uasset" 721
"D:/Unreal Projects/RPG/Content/Items/Weapons/Weapon_Sword_2.uasset" 722
"D:/Unreal Projects/RPG/Content/Weapons/Blade_BlackKnight/SK_Blade_BlackKnight_Skeleton.uasset" 723
"D:/Unreal Projects/RPG/Content/Weapons/Blade_BlackKnight/T_Blade_BlackKnight_Sword2_N.uasset" 724
"D:/Unreal Projects/RPG/Content/Weapons/Blade_BlackKnight/T_Blade_BlackKnight_Sword2_M.uasset" 725
"D:/Unreal Projects/RPG/Content/Weapons/Blade_BlackKnight/T_Blade_BlackKnight_Sword2_D.uasset" 726
"D:/Unreal Projects/RPG/Content/Weapons/Blade_BlackKnight/T_Blade_BlackKnight_Sword1_N.uasset" 727
"D:/Unreal Projects/RPG/Content/Weapons/Blade_BlackKnight/T_Blade_BlackKnight_Sword1_M.uasset" 728
"D:/Unreal Projects/RPG/Content/Weapons/Blade_BlackKnight/T_Blade_BlackKnight_Sword1_D.uasset" 729
"D:/Unreal Projects/RPG/Content/Weapons/Blade_BlackKnight/M_Blade_BlackKnight.uasset" 730
"D:/Unreal Projects/RPG/Content/Weapons/Blade_BlackKnight/SK_Blade_BlackKnight.uasset" 731
"D:/Unreal Projects/RPG/Content/Blueprints/Weapon/BP_Weapon_Sword_BlackKnight.uasset" 732
"D:/Unreal Projects/RPG/Content/Items/Weapons/Weapon_Sword_3.uasset" 733
"../../../Engine/Content/EngineMaterials/T_Default_Material_Grid_N.uasset" 734
"../../../Engine/Content/EngineMaterials/T_Default_Material_Grid_M.uasset" 735
"../../../Engine/Content/Functions/Engine_MaterialFunctions01/Opacity/CameraDepthFade.uasset" 736
"../../../Engine/Content/EngineMaterials/WorldGridMaterial.uasset" 737
"../../../Engine/Content/BasicShapes/Plane.uasset" 738
"../../../Engine/Content/BasicShapes/BasicShapeMaterial.uasset" 739
"D:/Unreal Projects/RPG/Content/Sequences/Intro/SQ_Intro_Warrior_AnimData.uasset" 740
"D:/Unreal Projects/RPG/Content/Sequences/Intro/shots/SQ_Intro_Shot_003.uasset" 741
"D:/Unreal Projects/RPG/Content/Sequences/Intro/shots/SQ_Intro_Shot_002.uasset" 742
"D:/Unreal Projects/RPG/Content/Sequences/Intro/shots/SQ_Intro_Shot_001.uasset" 743
"D:/Unreal Projects/RPG/Content/Enemy/Enemy_Gruntling_Guardian/Enemy_Gruntling_Guardian_Animation/Intro_ClimbingUp.uasset" 744
"D:/Unreal Projects/RPG/Content/Enemy/Enemy_Gruntling_Guardian/Enemy_Gruntling_Guardian_Animation/Aggro_A.uasset" 745
"D:/Unreal Projects/RPG/Content/Sequences/Intro/SQ_Intro_Enemy_AnimData.uasset" 746
"D:/Unreal Projects/RPG/Content/Assets/Sounds/Creatures/Guardian/A_Guardian_Roar03.uasset" 747
"D:/Unreal Projects/RPG/Content/Assets/Sounds/Creatures/Guardian/A_Guardian_Roar_03_Cue.uasset" 748
"D:/Unreal Projects/RPG/Content/Assets/Sounds/Creatures/Guardian/A_Guardian_Cast01.uasset" 749
"D:/Unreal Projects/RPG/Content/Assets/Sounds/Creatures/Guardian/A_Guardian_Cast_Cue.uasset" 750
"D:/Unreal Projects/RPG/Content/Assets/Sounds/Creatures/Guardian/A_Guardian_Cast03.uasset" 751
"D:/Unreal Projects/RPG/Content/Assets/Sounds/Creatures/Guardian/A_Guardian_Cast2_Cue.uasset" 752
"D:/Unreal Projects/RPG/Content/Sequences/Intro/SQ_Intro_Master.uasset" 753
"D:/Unreal Projects/RPG/Content/UI/T_ActionRPG_TransparentLogo.uasset" 754
"D:/Unreal Projects/RPG/Content/UI/UI_ScalingCurve.uasset" 755
"../../../Engine/Content/ArtTools/RenderToTexture/Meshes/S_1_Unit_Plane.uasset" 756
"../../../Engine/Content/EngineMaterials/DefaultMaterial.uasset" 757
"../../../Engine/Content/BasicShapes/Cone.uasset" 758
"../../../Engine/Content/BasicShapes/Cube.uasset" 759
"../../../Engine/Content/BasicShapes/Sphere.uasset" 760
"../../../Engine/Content/EditorLandscapeResources/DataLayer.uasset" 761
"../../../Engine/Content/EditorLandscapeResources/DefaultAlphaTexture.uasset" 762
"../../../Engine/Content/EditorMaterials/MAT_Groups_Toggle.uasset" 763
"../../../Engine/Content/EditorMaterials/MAT_Groups_Visibility.uasset" 764
"../../../Engine/Content/EditorMaterials/PreviewShadowIndicator.uasset" 765
"../../../Engine/Content/EditorMaterials/PreviewShadowIndicatorMaterial.uasset" 766
"../../../Engine/Content/EditorMaterials/MatineeGroups/MAT_ColorTrack.uasset" 767
"../../../Engine/Content/EditorMaterials/MatineeGroups/MAT_Groups_Anim.uasset" 768
"../../../Engine/Content/EditorMaterials/MatineeGroups/MAT_Groups_AudioMaster.uasset" 769
"../../../Engine/Content/EditorMaterials/MatineeGroups/MAT_Groups_Director.uasset" 770
"../../../Engine/Content/EditorMaterials/MatineeGroups/MAT_Groups_Event.uasset" 771
"../../../Engine/Content/EditorMaterials/MatineeGroups/MAT_Groups_Fade.uasset" 772
"../../../Engine/Content/EditorMaterials/MatineeGroups/MAT_Groups_Float.uasset" 773
"../../../Engine/Content/EditorMaterials/MatineeGroups/MAT_Groups_Move.uasset" 774
"../../../Engine/Content/EditorMaterials/MatineeGroups/MAT_Groups_Slomo.uasset" 775
"../../../Engine/Content/EditorMaterials/MatineeGroups/MAT_Groups_Sound.uasset" 776
"../../../Engine/Content/EditorMaterials/MatineeGroups/MAT_Groups_Vector.uasset" 777
"../../../Engine/Content/EditorMaterials/ParticleSystems/PSysThumbnail_NoImage.uasset" 778
"../../../Engine/Content/EditorMaterials/ParticleSystems/PSysThumbnail_OOD.uasset" 779
"../../../Engine/Content/EditorMaterials/Camera/CineMat.uasset" 780
"../../../Engine/Content/EditorMaterials/Camera/MI_CineMat_Rig.uasset" 781
"../../../Engine/Content/EditorMeshes/Camera/SM_CraneRig_Arm.uasset" 782
"../../../Engine/Content/EditorMeshes/Camera/SM_CraneRig_Base.uasset" 783
"../../../Engine/Content/EditorMeshes/Camera/SM_CraneRig_Body.uasset" 784
"../../../Engine/Content/EditorMeshes/Camera/SM_CraneRig_Mount.uasset" 785
"../../../Engine/Content/EditorMeshes/Camera/SM_RailRig_Mount.uasset" 786
"../../../Engine/Content/EditorMeshes/Camera/SM_RailRig_Track.uasset" 787
"../../../Engine/Content/EditorResources/BSPVertex.uasset" 788
"../../../Engine/Content/EditorResources/EmptyActor.uasset" 789
"../../../Engine/Content/EditorResources/S_Actor.uasset" 790
"../../../Engine/Content/EditorResources/S_Note.uasset" 791
"../../../Engine/Content/EditorResources/S_Solver.uasset" 792
"../../../Engine/Content/EditorResources/S_Terrain.uasset" 793
"../../../Engine/Content/EditorResources/S_Trigger.uasset" 794
"../../../Engine/Content/EditorResources/AudioIcons/S_AudioComponent_AutoActivate.uasset" 795
"../../../Engine/Content/EngineDamageTypes/DmgTypeBP_Environmental.uasset" 796
"../../../Engine/Content/EngineDebugMaterials/DebugEditorMaterial.uasset" 797
"../../../Engine/Content/EngineDebugMaterials/DebugMeshMaterial.uasset" 798
"../../../Engine/Content/EngineDebugMaterials/M_SimpleUnlitTranslucent.uasset" 799
"../../../Engine/Content/EngineDebugMaterials/VolumeToRender.uasset" 800
"../../../Engine/Content/Functions/Engine_MaterialFunctions02/Utility/CameraDirectionVector.uasset" 801
"../../../Engine/Content/EngineDebugMaterials/M_VolumeRenderSphereTracePP.uasset" 802
"../../../Engine/Content/EngineFonts/Faces/RobotoRegular.uasset" 803
"../../../Engine/Content/EngineFonts/Faces/RobotoLight.uasset" 804
"../../../Engine/Content/EngineFonts/Faces/RobotoItalic.uasset" 805
"../../../Engine/Content/EngineFonts/Faces/RobotoBoldItalic.uasset" 806
"../../../Engine/Content/EngineFonts/Faces/RobotoBold.uasset" 807
"../../../Engine/Content/EngineFonts/Faces/DroidSansFallback.uasset" 808
"../../../Engine/Content/EngineFonts/Roboto.uasset" 809
"../../../Engine/Content/EngineMaterials/BaseFlattenNormalMap.uasset" 810
"../../../Engine/Content/EngineMaterials/BaseFlattenGrayscaleMap.uasset" 811
"../../../Engine/Content/EngineMaterials/BaseFlattenEmissiveMap.uasset" 812
"../../../Engine/Content/EngineMaterials/BaseFlattenDiffuseMap.uasset" 813
"../../../Engine/Content/EngineMaterials/BaseFlattenMaterial.uasset" 814
"../../../Engine/Content/EngineMaterials/BlueNoise.uasset" 815
"../../../Engine/Content/EngineMaterials/DefaultBokeh.uasset" 816
"../../../Engine/Content/EngineMaterials/DefaultDiffuse.uasset" 817
"../../../Engine/Content/EngineMaterials/DefaultDeferredDecalMaterial.uasset" 818
"../../../Engine/Content/EngineMaterials/DefaultLightFunctionMaterial.uasset" 819
"../../../Engine/Content/EngineMaterials/DefaultPostProcessMaterial.uasset" 820
"../../../Engine/Content/EngineFonts/RobotoDistanceField.uasset" 821
"../../../Engine/Content/EngineMaterials/DefaultTextMaterialOpaque.uasset" 822
"../../../Engine/Content/EngineMaterials/DefaultWhiteGrid.uasset" 823
"../../../Engine/Content/EngineMaterials/DefaultWhiteGrid_Low.uasset" 824
"../../../Engine/Content/EngineMaterials/EmissiveMeshMaterial.uasset" 825
"../../../Engine/Content/EngineMaterials/GizmoMaterial.uasset" 826
"../../../Engine/Content/EngineMaterials/Good64x64TilingNoiseHighFreq.uasset" 827
"../../../Engine/Content/EngineMaterials/MiniFont.uasset" 828
"../../../Engine/Content/EngineMaterials/InvalidLightmapSettings.uasset" 829
"../../../Engine/Content/EngineMaterials/M_InvalidLightmapSettings.uasset" 830
"../../../Engine/Content/Functions/Engine_MaterialFunctions02/WorldPositionOffset/CameraOffset.uasset" 831
"../../../Engine/Content/EngineMaterials/PhAT_JointLimitMaterial.uasset" 832
"../../../Engine/Content/EngineMaterials/PreintegratedSkinBRDF.uasset" 833
"../../../Engine/Content/EngineMaterials/RemoveSurfaceMaterial.uasset" 834
"../../../Engine/Content/EngineResources/WhiteSquareTexture.uasset" 835
"../../../Engine/Content/EngineMaterials/Widget3DPassThrough.uasset" 836
"../../../Engine/Content/EngineMaterials/Widget3DPassThrough_Masked.uasset" 837
"../../../Engine/Content/EngineMaterials/Widget3DPassThrough_Opaque.uasset" 838
"../../../Engine/Content/EngineMaterials/Widget3DPassThrough_Masked_OneSided.uasset" 839
"../../../Engine/Content/EngineMaterials/Widget3DPassThrough_Opaque_OneSided.uasset" 840
"../../../Engine/Content/EngineMaterials/Widget3DPassThrough_Translucent.uasset" 841
"../../../Engine/Content/EngineMaterials/Widget3DPassThrough_Translucent_OneSided.uasset" 842
"../../../Engine/Content/EngineMeshes/Sphere.uasset" 843
"../../../Engine/Content/EngineResources/DefaultTextureCube.uasset" 844
"../../../Engine/Content/EngineResources/DefaultVolumeTexture2D.uasset" 845
"../../../Engine/Content/EngineResources/DefaultVolumeTexture.uasset" 846
"../../../Engine/Content/EngineResources/GradientTexture0.uasset" 847
"../../../Engine/Content/EngineSky/VolumetricClouds/T_NoiseShape64.uasset" 848
"../../../Engine/Content/EngineSky/VolumetricClouds/T_VolumeNoiseShape64.uasset" 849
"../../../Engine/Content/EngineSky/VolumetricClouds/T_NoiseErosion.uasset" 850
"../../../Engine/Content/EngineSky/VolumetricClouds/T_VolumeNoiseErosion32.uasset" 851
"../../../Engine/Content/EngineSky/VolumetricClouds/CloudWeatherTexture.uasset" 852
"../../../Engine/Content/EngineSky/VolumetricClouds/CloudGradientTexture.uasset" 853
"../../../Engine/Content/Functions/Engine_MaterialFunctions02/Utility/MakeFloat2.uasset" 854
"../../../Engine/Content/EngineSky/VolumetricClouds/m_SimpleVolumetricCloud.uasset" 855
"../../../Engine/Content/EngineSky/VolumetricClouds/m_SimpleVolumetricCloud_Inst.uasset" 856
"../../../Engine/Content/EngineSounds/Master.uasset" 857
"../../../Engine/Content/Functions/Engine_MaterialFunctions01/Shading/ConvertFromDiffSpec.uasset" 858
"../../../Engine/Content/Functions/Engine_MaterialFunctions01/Shading/PowerToRoughness.uasset" 859
"../../../Engine/Content/Maps/Templates/Thumbnails/Default.uasset" 860
"../../../Engine/Content/Maps/Templates/Thumbnails/TimeOfDay.uasset" 861
"../../../Engine/Content/Maps/Templates/Thumbnails/VR-Basic.uasset" 862
"../../../Engine/Content/MobileResources/T_MobileControls_texture.uasset" 863
"../../../Engine/Content/MobileResources/T_MobileMenu2.uasset" 864
"../../../Engine/Content/MobileResources/HUD/AnalogHat.uasset" 865
"../../../Engine/Content/MobileResources/HUD/VirtualJoystick_Thumb.uasset" 866
"../../../Engine/Content/MobileResources/HUD/VirtualJoystick_Background.uasset" 867
"../../../Engine/Content/MobileResources/HUD/DefaultVirtualJoysticks.uasset" 868
"../../../Engine/Content/MobileResources/HUD/LeftVirtualJoystickOnly.uasset" 869
"../../../Engine/Content/MobileResources/HUD/MobileHUDButton1_off.uasset" 870
"../../../Engine/Content/MobileResources/HUD/MobileHUDButton1_on.uasset" 871
"../../../Engine/Content/MobileResources/HUD/MobileHUDButton2_off.uasset" 872
"../../../Engine/Content/MobileResources/HUD/MobileHUDButton2_on.uasset" 873
"../../../Engine/Content/MobileResources/HUD/MobileHUDButton3.uasset" 874
"../../../Engine/Content/MobileResources/HUD/MobileHUDButtonFire.uasset" 875
"../../../Engine/Content/MobileResources/HUD/MobileHUDDirectionPad.uasset" 876
"../../../Engine/Content/MobileResources/HUD/MobileHUDDirectionPad2.uasset" 877
"../../../Engine/Content/MobileResources/HUD/MobileHUDDirectionPad3.uasset" 878
"../../../Engine/Content/MobileResources/HUD/MobileHUDDirectionStick.uasset" 879
"../../../Engine/Content/MobileResources/HUD/T_Castle_ThumbstickInner.uasset" 880
"../../../Engine/Content/MobileResources/HUD/T_Castle_ThumbstickOutter.uasset" 881
"../../../Engine/Content/Tutorial/ContentIntroCurve.uasset" 882
"../../../Engine/Content/Tutorial/Basics/LevelEditorAttract.uasset" 883
"../../../Engine/Content/Tutorial/BlueprintTutorials/TutorialAssets/Blueprint_64x.uasset" 884
"../../../Engine/Content/Tutorial/BlueprintTutorials/BlueprintEditorTutorial.uasset" 885
"../../../Engine/Content/VREditor/TransformGizmo/TranslucentTransformGizmoMaterial.uasset" 886
"../../../Engine/Content/VREditor/LaserPointer/VR_LaserPower_01.uasset" 887
"../../../Engine/Content/VREditor/TransformGizmo/TransformGizmoMaterial.uasset" 888
"../../../Engine/Content/VREditor/TransformGizmo/BoundingBoxCorner.uasset" 889
"../../../Engine/Content/VREditor/TransformGizmo/BoundingBoxEdge.uasset" 890
"../../../Engine/Content/VREditor/TransformGizmo/PlaneTranslationHandle.uasset" 891
"../../../Engine/Content/VREditor/TransformGizmo/Xray.uasset" 892
"../../../Engine/Content/VREditor/TransformGizmo/Main.uasset" 893
"../../../Engine/Content/VREditor/TransformGizmo/SM_Sequencer_Key.uasset" 894
"../../../Engine/Content/VREditor/TransformGizmo/SM_Sequencer_Node.uasset" 895
"../../Plugins/2D/Paper2D/Content/PlaceholderTextures/DummySpriteTexture.uasset" 896
"../../Plugins/2D/Paper2D/Content/DummySprite.uasset" 897
"../../Plugins/2D/Paper2D/Content/DefaultPaperTerrainMaterial.uasset" 898
"../../Plugins/2D/Paper2D/Content/DefaultSpriteMaterial.uasset" 899
"../../Plugins/2D/Paper2D/Content/MaskedUnlitSpriteMaterial.uasset" 900
"../../Plugins/2D/Paper2D/Content/OpaqueUnlitSpriteMaterial.uasset" 901
"../../../Engine/Content/Functions/Engine_MaterialFunctions02/Utility/BreakOutFloat3Components.uasset" 902
"../../Plugins/Editor/SpeedTreeImporter/Content/SpeedTree9/UnpackInteger3.uasset" 903
"../../Plugins/Editor/SpeedTreeImporter/Content/SpeedTree9/UnpackDirection.uasset" 904
"../../Plugins/Editor/SpeedTreeImporter/Content/SpeedTree9/game_wind_noise.uasset" 905
"../../../Engine/Content/Functions/Engine_MaterialFunctions02/SafeNormalize.uasset" 906
"../../Plugins/Editor/SpeedTreeImporter/Content/SpeedTree9/SpeedTreeWindMotion.uasset" 907
"../../Plugins/Editor/SpeedTreeImporter/Content/SpeedTree9/SpeedTreeBranchMotion.uasset" 908
"../../../Engine/Content/Functions/Engine_MaterialFunctions02/ObjectLocalBounds.uasset" 909
"../../../Engine/Content/Functions/Engine_MaterialFunctions02/UVs/BoundingBoxBased_0-1_UVW.uasset" 910
"../../Plugins/Editor/SpeedTreeImporter/Content/SpeedTree9/SpeedTreeWind.uasset" 911
"../../Plugins/Editor/SpeedTreeImporter/Content/SpeedTree9/SpeedTreeBillboard.uasset" 912
"../../../Engine/Content/EngineResources/DefaultTexture.uasset" 913
"../../Plugins/Editor/SpeedTreeImporter/Content/SpeedTree9/SpeedTreeBillboardMaster.uasset" 914
"../../Plugins/Editor/SpeedTreeImporter/Content/SpeedTree9/SpeedTreeCameraFacing.uasset" 915
"../../Plugins/Editor/SpeedTreeImporter/Content/SpeedTree9/SpeedTreeMaster.uasset" 916
"../../Plugins/Experimental/ControlRig/Content/M_Manip.uasset" 917
"../../Plugins/Experimental/ControlRig/Content/Controls/ControlRigGizmoMaterial.uasset" 918
"../../Plugins/Experimental/ControlRig/Content/Controls/ControlRig_Arrow2_1mm.uasset" 919
"../../Plugins/Experimental/ControlRig/Content/Controls/ControlRig_Arrow2_3mm.uasset" 920
"../../Plugins/Experimental/ControlRig/Content/Controls/ControlRig_Arrow2_solid.uasset" 921
"../../Plugins/Experimental/ControlRig/Content/Controls/ControlRig_Arrow4_1mm.uasset" 922
"../../Plugins/Experimental/ControlRig/Content/Controls/ControlRig_Arrow4_3mm.uasset" 923
"../../Plugins/Experimental/ControlRig/Content/Controls/ControlRig_Arrow4_solid.uasset" 924
"../../Plugins/Experimental/ControlRig/Content/Controls/ControlRig_Arrow_1mm.uasset" 925
"../../Plugins/Experimental/ControlRig/Content/Controls/ControlRig_Arrow_3mm.uasset" 926
"../../Plugins/Experimental/ControlRig/Content/Controls/ControlRig_Arrow_solid.uasset" 927
"../../Plugins/Experimental/ControlRig/Content/Controls/ControlRig_Box_1mm.uasset" 928
"../../Plugins/Experimental/ControlRig/Content/Controls/ControlRig_Box_3mm.uasset" 929
"../../Plugins/Experimental/ControlRig/Content/Controls/ControlRig_Box_solid.uasset" 930
"../../Plugins/Experimental/ControlRig/Content/Controls/ControlRig_Circle_1mm.uasset" 931
"../../Plugins/Experimental/ControlRig/Content/Controls/ControlRig_Circle_3mm.uasset" 932
"../../Plugins/Experimental/ControlRig/Content/Controls/ControlRig_Circle_solid.uasset" 933
"../../Plugins/Experimental/ControlRig/Content/Controls/ControlRig_Diamond_1mm.uasset" 934
"../../Plugins/Experimental/ControlRig/Content/Controls/ControlRig_Diamond_3mm.uasset" 935
"../../Plugins/Experimental/ControlRig/Content/Controls/ControlRig_Diamond_solid.uasset" 936
"../../Plugins/Experimental/ControlRig/Content/Controls/ControlRig_HalfCircle_1mm.uasset" 937
"../../Plugins/Experimental/ControlRig/Content/Controls/ControlRig_HalfCircle_3mm.uasset" 938
"../../Plugins/Experimental/ControlRig/Content/Controls/ControlRig_HalfCircle_solid.uasset" 939
"../../Plugins/Experimental/ControlRig/Content/Controls/ControlRig_Hexagon_1mm.uasset" 940
"../../Plugins/Experimental/ControlRig/Content/Controls/ControlRig_Hexagon_3mm.uasset" 941
"../../Plugins/Experimental/ControlRig/Content/Controls/ControlRig_Hexagon_solid.uasset" 942
"../../Plugins/Experimental/ControlRig/Content/Controls/ControlRig_Octagon_1mm.uasset" 943
"../../Plugins/Experimental/ControlRig/Content/Controls/ControlRig_Octagon_3mm.uasset" 944
"../../Plugins/Experimental/ControlRig/Content/Controls/ControlRig_Octagon_solid.uasset" 945
"../../Plugins/Experimental/ControlRig/Content/Controls/ControlRig_Pyramid_1mm.uasset" 946
"../../Plugins/Experimental/ControlRig/Content/Controls/ControlRig_Pyramid_3mm.uasset" 947
"../../Plugins/Experimental/ControlRig/Content/Controls/ControlRig_Pyramid_solid.uasset" 948
"../../Plugins/Experimental/ControlRig/Content/Controls/ControlRig_QuarterCircle_1mm.uasset" 949
"../../Plugins/Experimental/ControlRig/Content/Controls/ControlRig_QuarterCircle_3mm.uasset" 950
"../../Plugins/Experimental/ControlRig/Content/Controls/ControlRig_QuarterCircle_solid.uasset" 951
"../../Plugins/Experimental/ControlRig/Content/Controls/ControlRig_RoundedSquare_1mm.uasset" 952
"../../Plugins/Experimental/ControlRig/Content/Controls/ControlRig_RoundedSquare_3mm.uasset" 953
"../../Plugins/Experimental/ControlRig/Content/Controls/ControlRig_RoundedSquare_solid.uasset" 954
"../../Plugins/Experimental/ControlRig/Content/Controls/ControlRig_RoundedTriangle_1mm.uasset" 955
"../../Plugins/Experimental/ControlRig/Content/Controls/ControlRig_RoundedTriangle_3mm.uasset" 956
"../../Plugins/Experimental/ControlRig/Content/Controls/ControlRig_RoundedTriangle_solid.uasset" 957
"../../Plugins/Experimental/ControlRig/Content/Controls/ControlRig_Sphere_1mm.uasset" 958
"../../Plugins/Experimental/ControlRig/Content/Controls/ControlRig_Sphere_3mm.uasset" 959
"../../Plugins/Experimental/ControlRig/Content/Controls/ControlRig_Sphere_solid.uasset" 960
"../../Plugins/Experimental/ControlRig/Content/Controls/ControlRig_Square_1mm.uasset" 961
"../../Plugins/Experimental/ControlRig/Content/Controls/ControlRig_Square_3mm.uasset" 962
"../../Plugins/Experimental/ControlRig/Content/Controls/ControlRig_Square_solid.uasset" 963
"../../Plugins/Experimental/ControlRig/Content/Controls/ControlRig_Star4_1mm.uasset" 964
"../../Plugins/Experimental/ControlRig/Content/Controls/ControlRig_Star4_3mm.uasset" 965
"../../Plugins/Experimental/ControlRig/Content/Controls/ControlRig_Star4_solid.uasset" 966
"../../Plugins/Experimental/ControlRig/Content/Controls/ControlRig_Triangle_1mm.uasset" 967
"../../Plugins/Experimental/ControlRig/Content/Controls/ControlRig_Triangle_3mm.uasset" 968
"../../Plugins/Experimental/ControlRig/Content/Controls/ControlRig_Triangle_solid.uasset" 969
"../../Plugins/Experimental/ControlRig/Content/Controls/ControlRig_Wedge_1mm.uasset" 970
"../../Plugins/Experimental/ControlRig/Content/Controls/ControlRig_Wedge_3mm.uasset" 971
"../../Plugins/Experimental/ControlRig/Content/Controls/ControlRig_Wedge_solid.uasset" 972
"../../Plugins/Experimental/ControlRig/Content/Controls/DefaultGizmoLibrary.uasset" 973
"../../../Engine/Content/BasicShapes/Cylinder.uasset" 974
"../../../Engine/Content/ArtTools/RenderToTexture/Materials/Debug/M_Emissive_Color.uasset" 975
"../../Plugins/Lumin/MagicLeapPassableWorld/Content/MagicLeapARPinInfoActor.uasset" 976
"D:/Unreal Projects/RPG/Content/Environment/Textures/Rock/T_Cave_Rock_Stalactite_M.uasset" 977
"D:/Unreal Projects/RPG/Content/Environment/Textures/Rock/T_Cave_Mud_N.uasset" 978
"D:/Unreal Projects/RPG/Content/Environment/Textures/Rock/T_Cave_Mud_D.uasset" 979
"D:/Unreal Projects/RPG/Content/Environment/Textures/Natures/T_Cave_Dirt_N.uasset" 980
"D:/Unreal Projects/RPG/Content/Environment/Textures/Natures/T_Cave_Dirt_D.uasset" 981
"D:/Unreal Projects/RPG/Content/Environment/Textures/Natures/T_Soul_plants_N.uasset" 982
"D:/Unreal Projects/RPG/Content/Environment/Textures/Natures/T_Soul_plants_D.uasset" 983
"D:/Unreal Projects/RPG/Content/Environment/Materials/Natures/M_Soul_Plants.uasset" 984
"D:/Unreal Projects/RPG/Content/Environment/Meshes/Natures/SM_S_Soul_Plants_Fern2.uasset" 985
"D:/Unreal Projects/RPG/Content/Environment/Textures/Natures/T_VINETEXTURE_N.uasset" 986
"D:/Unreal Projects/RPG/Content/Environment/Textures/Natures/T_VINETEXTURE_D.uasset" 987
"D:/Unreal Projects/RPG/Content/Environment/Materials/Natures/M_Soul_Bush.uasset" 988
"D:/Unreal Projects/RPG/Content/Environment/Meshes/Natures/SM_S_Soul_bush.uasset" 989
"D:/Unreal Projects/RPG/Content/Environment/Textures/Natures/T_LV_Soul_grass_D.uasset" 990
"D:/Unreal Projects/RPG/Content/Environment/Materials/Foliage/M_LV_SoulGrass_01M.uasset" 991
"D:/Unreal Projects/RPG/Content/Environment/Meshes/Natures/SM_LV_SoulGrass_01.uasset" 992
"D:/Unreal Projects/RPG/Content/Environment/Textures/Foliage/T_LV_Forest_Foliage02_N.uasset" 993
"D:/Unreal Projects/RPG/Content/Environment/Textures/Foliage/T_LV_Forest_Foliage02_D.uasset" 994
"D:/Unreal Projects/RPG/Content/Environment/Materials/Natures/M_LV_Soul_Grass04M.uasset" 995
"D:/Unreal Projects/RPG/Content/Environment/Meshes/Natures/SM_LV_Soul_Foliage021SM.uasset" 996
"D:/Unreal Projects/RPG/Content/Environment/Textures/etc/T_Cave_Wood_Beam_N.uasset" 997
"D:/Unreal Projects/RPG/Content/Environment/Textures/etc/T_Cave_Wood_Beam_D.uasset" 998
"D:/Unreal Projects/RPG/Content/Environment/Materials/Rocks/M_Cave_Wood_Beam.uasset" 999
"D:/Unreal Projects/RPG/Content/Environment/Meshes/Natures/SM_Cave_Wood_Beam.uasset" 1000
"D:/Unreal Projects/RPG/Content/Environment/Textures/Rock/T_Cave_Rock_Small_N.uasset" 1001
"D:/Unreal Projects/RPG/Content/Environment/Textures/Rock/T_Cave_Rock_Small_M.uasset" 1002
"D:/Unreal Projects/RPG/Content/Environment/Textures/Rock/T_Cave_Rock_01_N.uasset" 1003
"D:/Unreal Projects/RPG/Content/Environment/Textures/Rock/T_Cave_Rock_01_D.uasset" 1004
"D:/Unreal Projects/RPG/Content/Environment/Materials/Rocks/MF_ML_Cave_Rock_01.uasset" 1005
"D:/Unreal Projects/RPG/Content/Environment/Textures/etc/T_Moss_D.uasset" 1006
"D:/Unreal Projects/RPG/Content/Environment/Materials/Rocks/MF_ML_Cave_Moss.uasset" 1007
"D:/Unreal Projects/RPG/Content/Environment/Materials/MaterialLayers/MF_ML_Solid_Color.uasset" 1008
"D:/Unreal Projects/RPG/Content/Environment/Materials/Functions/MF_Wetness.uasset" 1009
"D:/Unreal Projects/RPG/Content/Environment/Materials/Functions/MF_VertexBlend_JM.uasset" 1010
"../../../Engine/Content/Functions/Engine_MaterialFunctions02/Utility/BlendAngleCorrectedNormals.uasset" 1011
"../../../Engine/Content/Functions/MaterialLayerFunctions/MatLayerBlend_Standard.uasset" 1012
"D:/Unreal Projects/RPG/Content/Environment/Textures/Rock/T_Cave_Rock_Stalactite_N.uasset" 1013
"../../../Engine/Content/Functions/MaterialLayerFunctions/MatLayerBlend_BakedNormal.uasset" 1014
"../../../Engine/Content/Functions/MaterialLayerFunctions/MatLayerBlend_AO.uasset" 1015
"D:/Unreal Projects/RPG/Content/Environment/Textures/Bricks/T_Cave_Bricks_M.uasset" 1016
"D:/Unreal Projects/RPG/Content/Environment/Materials/Rocks/M_Cave_Rock_MASTER_VertexPaint_MOSS.uasset" 1017
"D:/Unreal Projects/RPG/Content/Environment/Materials/Rocks/MI_Cave_Rock_Small_Moss.uasset" 1018
"D:/Unreal Projects/RPG/Content/Environment/Meshes/Natures/SM_Cave_Tree01.uasset" 1019
"D:/Unreal Projects/RPG/Content/Environment/Materials/Rocks/MI_Cave_Rock_Small_Moss02.uasset" 1020
"D:/Unreal Projects/RPG/Content/Environment/Meshes/Natures/SM_Cave_StoneCluster03.uasset" 1021
"D:/Unreal Projects/RPG/Content/Environment/Textures/Rock/T_Cave_Rock_Pillar_N.uasset" 1022
"D:/Unreal Projects/RPG/Content/Environment/Textures/Rock/T_Cave_Rock_Pillar_M.uasset" 1023
"D:/Unreal Projects/RPG/Content/Environment/Materials/Rocks/MI_Cave_Rock_Pillar_Moss2.uasset" 1024
"D:/Unreal Projects/RPG/Content/Environment/Meshes/Natures/SM_Cave_Rock_Pillar01REDO.uasset" 1025
"D:/Unreal Projects/RPG/Content/Environment/Materials/Functions/MF_FuzzyShading_JM.uasset" 1026
"D:/Unreal Projects/RPG/Content/Environment/Materials/Rocks/M_Cave_Rock_MASTER.uasset" 1027
"D:/Unreal Projects/RPG/Content/Environment/Textures/Rock/T_Cave_Rock_Path_N.uasset" 1028
"D:/Unreal Projects/RPG/Content/Environment/Textures/Rock/T_Cave_Rock_Path_M.uasset" 1029
"D:/Unreal Projects/RPG/Content/Environment/Materials/Rocks/MI_M_Cave_Rock_Ceiling.uasset" 1030
"D:/Unreal Projects/RPG/Content/Environment/Meshes/Natures/SM_Cave_Rock_Medium01.uasset" 1031
"D:/Unreal Projects/RPG/Content/Environment/PhysicalMaterials/Stone.uasset" 1032
"D:/Unreal Projects/RPG/Content/Environment/Materials/Rocks/MI_Cave_Rock_Flat.uasset" 1033
"D:/Unreal Projects/RPG/Content/Environment/Meshes/Natures/SM_Cave_Rock_Flat01.uasset" 1034
"D:/Unreal Projects/RPG/Content/Environment/Textures/Rock/T_Cave_Rock_Large02_N.uasset" 1035
"D:/Unreal Projects/RPG/Content/Environment/Textures/Rock/T_Cave_Rock_Large02_M.uasset" 1036
"D:/Unreal Projects/RPG/Content/Environment/Materials/Rocks/MI_Cave_Rock_Large02.uasset" 1037
"D:/Unreal Projects/RPG/Content/Environment/Meshes/Natures/SM_Cave_Rock_03.uasset" 1038
"D:/Unreal Projects/RPG/Content/Environment/Meshes/Natures/SM_Cave_Rock_02.uasset" 1039
"D:/Unreal Projects/RPG/Content/Environment/Meshes/Natures/SM_Cave_Rock_01.uasset" 1040
"D:/Unreal Projects/RPG/Content/Environment/Textures/Natures/T_Soul_Leaves_N.uasset" 1041
"D:/Unreal Projects/RPG/Content/Environment/Textures/Natures/T_Soul_Leaves_D.uasset" 1042
"D:/Unreal Projects/RPG/Content/Environment/Materials/Natures/M_Soul_Leaves.uasset" 1043
"D:/Unreal Projects/RPG/Content/Environment/Meshes/Natures/SM_Cave_Leaf_Pile_02.uasset" 1044
"D:/Unreal Projects/RPG/Content/Environment/Materials/Natures/MI_Soul_Leaves_Water.uasset" 1045
"D:/Unreal Projects/RPG/Content/Environment/Meshes/Natures/SM_Cave_Leaf_Pile_01.uasset" 1046
"D:/Unreal Projects/RPG/Content/Environment/Textures/Foliage/T_Cave_LeavePile_N.uasset" 1047
"D:/Unreal Projects/RPG/Content/Environment/Textures/Foliage/T_Cave_LeavePile_D.uasset" 1048
"D:/Unreal Projects/RPG/Content/Environment/Materials/Foliage/M_Cave_Leaf_Piles.uasset" 1049
"D:/Unreal Projects/RPG/Content/Environment/Meshes/Natures/SM_Cave_Leaf_Pile02.uasset" 1050
"D:/Unreal Projects/RPG/Content/Environment/Meshes/Natures/SM_Cave_Leaf_Pile01.uasset" 1051
"D:/Unreal Projects/RPG/Content/Environment/Textures/Natures/T_Tree_Aspen_Bark_N.uasset" 1052
"D:/Unreal Projects/RPG/Content/Environment/Textures/Natures/T_Tree_Aspen_Bark_D.uasset" 1053
"D:/Unreal Projects/RPG/Content/Environment/Materials/Foliage/M_Aspen_Tree_Bark.uasset" 1054
"D:/Unreal Projects/RPG/Content/Environment/Textures/Natures/T_Foliage_Leaves_D.uasset" 1055
"D:/Unreal Projects/RPG/Content/Environment/Materials/Foliage/M_Aspen_Tree_Unlit_Blowing.uasset" 1056
"D:/Unreal Projects/RPG/Content/Environment/Materials/Foliage/MI_Aspen_Tree_Lit_Blowing.uasset" 1057
"D:/Unreal Projects/RPG/Content/Environment/Meshes/Natures/SM_Aspen_Tree_01.uasset" 1058
"D:/Unreal Projects/RPG/Content/Environment/Textures/etc/T_Iron_N.uasset" 1059
"D:/Unreal Projects/RPG/Content/Environment/Textures/etc/T_Iron_E.uasset" 1060
"D:/Unreal Projects/RPG/Content/Environment/Textures/etc/T_Iron_D.uasset" 1061
"D:/Unreal Projects/RPG/Content/Environment/Materials/etc/M_Ice_Fort_Iron_1_Glow.uasset" 1062
"D:/Unreal Projects/RPG/Content/Environment/Meshes/etc/SM_Ice_Fort_Brazier_1_Glow.uasset" 1063
"D:/Unreal Projects/RPG/Content/Environment/Textures/Building/T_Slums_Wood_N.uasset" 1064
"D:/Unreal Projects/RPG/Content/Environment/Textures/Building/T_Slums_Wood_D.uasset" 1065
"D:/Unreal Projects/RPG/Content/Environment/PhysicalMaterials/WoodLadder.uasset" 1066
"D:/Unreal Projects/RPG/Content/Environment/Materials/Building/M_Slums_Wood_.uasset" 1067
"D:/Unreal Projects/RPG/Content/Environment/Meshes/Building/SM_Slums_WoodWall_01e_OP.uasset" 1068
"D:/Unreal Projects/RPG/Content/Environment/Textures/Bricks/T_Cave_Bricks_N.uasset" 1069
"D:/Unreal Projects/RPG/Content/Environment/Materials/Rocks/MI_M_Cave_Rock_Bricks_Moss22.uasset" 1070
"D:/Unreal Projects/RPG/Content/Environment/Meshes/Bricks/SM_Cave_Brick_01e.uasset" 1071
"D:/Unreal Projects/RPG/Content/Environment/Meshes/Bricks/SM_Cave_Brick_01a2.uasset" 1072
"D:/Unreal Projects/RPG/Content/Environment/Materials/T_LandscapeES2_R_00.uasset" 1073
"D:/Unreal Projects/RPG/Content/Environment/Materials/T_LandscapeES2_N_00.uasset" 1074
"D:/Unreal Projects/RPG/Content/Environment/Materials/T_LandscapeES2_BC_00.uasset" 1075
"D:/Unreal Projects/RPG/Content/Effects/Meshes/SM_Ripple_Wide.uasset" 1076
"../../../Engine/Content/EngineMaterials/WeightMapPlaceholderTexture.uasset" 1077
"../../../Engine/Content/EngineMaterials/DefaultPhysicalMaterial.uasset" 1078
"D:/Unreal Projects/RPG/Content/Environment/Materials/Functions/MF_ML_Mud_Wet_JM.uasset" 1079
"D:/Unreal Projects/RPG/Content/Environment/Materials/Functions/MF_ML_Dirt_Wet_JM.uasset" 1080
"D:/Unreal Projects/RPG/Content/Environment/Materials/Functions/MF_GroundWetnessAlpha_JM.uasset" 1081
"../../../Engine/Content/Functions/MaterialLayerFunctions/MatLayerBlend_Tint.uasset" 1082
"../../../Engine/Content/Functions/Engine_MaterialFunctions01/Texturing/FlattenNormal.uasset" 1083
"D:/Unreal Projects/RPG/Content/Environment/Materials/M_CaveLandscape_Mobile.uasset" 1084
"D:/Unreal Projects/RPG/Content/Environment/Materials/M_CaveLandscape_Inst.uasset" 1085
"D:/Unreal Projects/RPG/Content/Environment/Materials/Foliage/MI_Cave_Leaf_Piles_Wave.uasset" 1086
"D:/Unreal Projects/RPG/Content/Effects/Textures/T_WaterFoam_02_M.uasset" 1087
"D:/Unreal Projects/RPG/Content/Effects/FX_Materials/M_RippleFoam.uasset" 1088
"D:/Unreal Projects/RPG/Content/Effects/FX_Materials/MI_RippleFoam.uasset" 1089
"D:/Unreal Projects/RPG/Content/Environment/Textures/Rock/T_Rock_Runes01_N.uasset" 1090
"D:/Unreal Projects/RPG/Content/Environment/Textures/Rock/T_Rock_Runes01_A.uasset" 1091
"D:/Unreal Projects/RPG/Content/Environment/Textures/Rock/T_Rock_Runes01.uasset" 1092
"D:/Unreal Projects/RPG/Content/Environment/Materials/Rocks/M_Cave_RuneRocks01.uasset" 1093
"D:/Unreal Projects/RPG/Content/Maps/ActionRPG_Dungeon02_Asset_BuiltData.uasset" 1094
"D:/Unreal Projects/RPG/Content/Maps/ActionRPG_P_sharedassets/Wetness_LayerInfo.uasset" 1095
"D:/Unreal Projects/RPG/Content/Maps/ActionRPG_P_sharedassets/CaveMud_LayerInfo.uasset" 1096
"D:/Unreal Projects/RPG/Content/Maps/ActionRPG_P_sharedassets/CaveDirt_LayerInfo.uasset" 1097
"D:/Unreal Projects/RPG/Content/Environment/Foliage/Soul_FoliageType2.uasset" 1098
"D:/Unreal Projects/RPG/Content/Environment/Foliage/Soul_FoliageType1.uasset" 1099
"D:/Unreal Projects/RPG/Content/Environment/Foliage/SM_Cave_Leaf_Pile_02_FoliageType.uasset" 1100
"D:/Unreal Projects/RPG/Content/Environment/Foliage/SM_Cave_Leaf_Pile_01_FoliageType.uasset" 1101
"D:/Unreal Projects/RPG/Content/Maps/ActionRPG_Dungeon02_Asset.umap" 1102
"D:/Unreal Projects/RPG/Content/Environment/Materials/etc/MAT_Skydome_01.uasset" 1103
"D:/Unreal Projects/RPG/Content/Environment/Meshes/etc/SM_Skydome_01.uasset" 1104
"D:/Unreal Projects/RPG/Content/Maps/ActionRPG_Dungeon02_Lights_BuiltData.uasset" 1105
"D:/Unreal Projects/RPG/Content/Maps/ActionRPG_Dungeon02_Lights.umap" 1106
"D:/Unreal Projects/RPG/Content/Effects/FX_Particle/P_Title_Main_Effect.uasset" 1107
"D:/Unreal Projects/RPG/Content/Effects/FX_Ambient/Fire/P_Fire_NeverEnding.uasset" 1108
"D:/Unreal Projects/RPG/Content/UI/Texture/T_UI_Runes02_R.uasset" 1109
"D:/Unreal Projects/RPG/Content/UI/Texture/T_UI_Runes02_N.uasset" 1110
"D:/Unreal Projects/RPG/Content/UI/Texture/T_UI_Runes02_A.uasset" 1111
"D:/Unreal Projects/RPG/Content/UI/Texture/T_UI_Runes02.uasset" 1112
"../../../Engine/Content/Functions/Engine_MaterialFunctions01/Gradient/LinearGradient.uasset" 1113
"../../../Engine/Content/Functions/Engine_MaterialFunctions01/ImageAdjustment/CheapContrast.uasset" 1114
"D:/Unreal Projects/RPG/Content/UI/Material/M_UI_IntroBG02.uasset" 1115
"D:/Unreal Projects/RPG/Content/Maps/ActionRPG_Main_BuiltData.uasset" 1116
"D:/Unreal Projects/RPG/Content/UI/T_UI_TitleLogo02.uasset" 1117
"D:/Unreal Projects/RPG/Content/Assets/Sounds/Music/Ice_BossBattle01.uasset" 1118
"D:/Unreal Projects/RPG/Content/Assets/Sounds/Music/Ice_BossBattle01_Cue.uasset" 1119
"D:/Unreal Projects/RPG/Content/Blueprints/WidgetBP/WB_Title.uasset" 1120
"D:/Unreal Projects/RPG/Content/Blueprints/BP_MainMenuGameMode.uasset" 1121
"D:/Unreal Projects/RPG/Content/Maps/ActionRPG_Main.umap" 1122
"D:/Unreal Projects/RPG/Content/Assets/Sounds/Ambient/A_Ambient_Wind02.uasset" 1123
"D:/Unreal Projects/RPG/Content/Assets/Sounds/Ambient/A_Ambient_Wind02_Cue.uasset" 1124
"D:/Unreal Projects/RPG/Content/Maps/ActionRPG_P_BuiltData.uasset" 1125
"D:/Unreal Projects/RPG/Content/Maps/ActionRPG_P.umap" 1126
"../../../Engine/Content/Maps/Entry_BuiltData.uasset" 1127
"../../../Engine/Content/Maps/Entry.umap" 1128
